#! /usr/local/bin/vvp
:ivl_version "0.10.0 (devel)" "(s20121218-439-gbc9382e)";
:ivl_delay_selection "TYPICAL";
:vpi_time_precision - 10;
:vpi_module "system";
:vpi_module "vhdl_sys";
:vpi_module "v2005_math";
:vpi_module "va_math";
S_0x12f8650 .scope module, "forwarding" "forwarding" 2 5;
 .timescale -9 -10;
    .port_info 0 /INPUT 1 "clk"
    .port_info 1 /INPUT 6 "instruction_ID"
    .port_info 2 /INPUT 6 "instruction_EX"
    .port_info 3 /INPUT 6 "instruction_MEM"
    .port_info 4 /OUTPUT 1 "outputA_EX"
    .port_info 5 /OUTPUT 1 "outputA_MEM"
    .port_info 6 /OUTPUT 1 "outputB_EX"
    .port_info 7 /OUTPUT 1 "outputB_MEM"
o0x7f6569541018 .functor BUFZ 1, C4<z>; HiZ drive
v0x12f88a0_0 .net "clk", 0 0, o0x7f6569541018;  0 drivers
o0x7f6569541048 .functor BUFZ 6, C4<zzzzzz>; HiZ drive
v0x135b970_0 .net "instruction_EX", 5 0, o0x7f6569541048;  0 drivers
o0x7f6569541078 .functor BUFZ 6, C4<zzzzzz>; HiZ drive
v0x135ba50_0 .net "instruction_ID", 5 0, o0x7f6569541078;  0 drivers
o0x7f65695410a8 .functor BUFZ 6, C4<zzzzzz>; HiZ drive
v0x135bb40_0 .net "instruction_MEM", 5 0, o0x7f65695410a8;  0 drivers
v0x135bc20_0 .var "outputA_EX", 0 0;
v0x135bd30_0 .var "outputA_MEM", 0 0;
v0x135bdf0_0 .var "outputB_EX", 0 0;
v0x135beb0_0 .var "outputB_MEM", 0 0;
E_0x12fa020 .event posedge, v0x12f88a0_0;
    .scope S_0x12f8650;
T_0 ;
    %set/v v0x135bc20_0, 0, 1;
    %set/v v0x135bdf0_0, 0, 1;
    %set/v v0x135bd30_0, 0, 1;
    %set/v v0x135beb0_0, 0, 1;
    %end;
    .thread T_0;
    .scope S_0x12f8650;
T_1 ;
    %wait E_0x12fa020;
    %load/v 8, v0x135ba50_0, 6;
    %cmpi/u 8, 4, 6;
    %jmp/1 T_1.0, 6;
    %cmpi/u 8, 6, 6;
    %jmp/1 T_1.1, 6;
    %cmpi/u 8, 7, 6;
    %jmp/1 T_1.2, 6;
    %cmpi/u 8, 8, 6;
    %jmp/1 T_1.3, 6;
    %cmpi/u 8, 10, 6;
    %jmp/1 T_1.4, 6;
    %cmpi/u 8, 11, 6;
    %jmp/1 T_1.5, 6;
    %cmpi/u 8, 12, 6;
    %jmp/1 T_1.6, 6;
    %cmpi/u 8, 14, 6;
    %jmp/1 T_1.7, 6;
    %cmpi/u 8, 15, 6;
    %jmp/1 T_1.8, 6;
    %cmpi/u 8, 16, 6;
    %jmp/1 T_1.9, 6;
    %cmpi/u 8, 18, 6;
    %jmp/1 T_1.10, 6;
    %cmpi/u 8, 19, 6;
    %jmp/1 T_1.11, 6;
    %cmpi/u 8, 20, 6;
    %jmp/1 T_1.12, 6;
    %cmpi/u 8, 22, 6;
    %jmp/1 T_1.13, 6;
    %cmpi/u 8, 23, 6;
    %jmp/1 T_1.14, 6;
    %cmpi/u 8, 5, 6;
    %jmp/1 T_1.15, 6;
    %cmpi/u 8, 6, 6;
    %jmp/1 T_1.16, 6;
    %cmpi/u 8, 7, 6;
    %jmp/1 T_1.17, 6;
    %cmpi/u 8, 9, 6;
    %jmp/1 T_1.18, 6;
    %cmpi/u 8, 10, 6;
    %jmp/1 T_1.19, 6;
    %cmpi/u 8, 11, 6;
    %jmp/1 T_1.20, 6;
    %cmpi/u 8, 13, 6;
    %jmp/1 T_1.21, 6;
    %cmpi/u 8, 14, 6;
    %jmp/1 T_1.22, 6;
    %cmpi/u 8, 15, 6;
    %jmp/1 T_1.23, 6;
    %cmpi/u 8, 17, 6;
    %jmp/1 T_1.24, 6;
    %cmpi/u 8, 18, 6;
    %jmp/1 T_1.25, 6;
    %cmpi/u 8, 19, 6;
    %jmp/1 T_1.26, 6;
    %cmpi/u 8, 21, 6;
    %jmp/1 T_1.27, 6;
    %set/v v0x135bc20_0, 0, 1;
    %set/v v0x135bdf0_0, 0, 1;
    %set/v v0x135bd30_0, 0, 1;
    %set/v v0x135beb0_0, 0, 1;
    %jmp T_1.29;
T_1.0 ;
    %load/v 8, v0x135b970_0, 6;
    %cmpi/u 8, 0, 6;
    %jmp/1 T_1.30, 6;
    %cmpi/u 8, 2, 6;
    %jmp/1 T_1.31, 6;
    %cmpi/u 8, 6, 6;
    %jmp/1 T_1.32, 6;
    %cmpi/u 8, 8, 6;
    %jmp/1 T_1.33, 6;
    %cmpi/u 8, 10, 6;
    %jmp/1 T_1.34, 6;
    %cmpi/u 8, 12, 6;
    %jmp/1 T_1.35, 6;
    %cmpi/u 8, 14, 6;
    %jmp/1 T_1.36, 6;
    %cmpi/u 8, 16, 6;
    %jmp/1 T_1.37, 6;
    %cmpi/u 8, 18, 6;
    %jmp/1 T_1.38, 6;
    %cmpi/u 8, 20, 6;
    %jmp/1 T_1.39, 6;
    %cmpi/u 8, 22, 6;
    %jmp/1 T_1.40, 6;
    %cmpi/u 8, 23, 6;
    %jmp/1 T_1.41, 6;
    %set/v v0x135bc20_0, 0, 1;
    %jmp T_1.43;
T_1.30 ;
    %set/v v0x135bc20_0, 1, 1;
    %jmp T_1.43;
T_1.31 ;
    %set/v v0x135bc20_0, 1, 1;
    %jmp T_1.43;
T_1.32 ;
    %set/v v0x135bc20_0, 1, 1;
    %jmp T_1.43;
T_1.33 ;
    %set/v v0x135bc20_0, 1, 1;
    %jmp T_1.43;
T_1.34 ;
    %set/v v0x135bc20_0, 1, 1;
    %jmp T_1.43;
T_1.35 ;
    %set/v v0x135bc20_0, 1, 1;
    %jmp T_1.43;
T_1.36 ;
    %set/v v0x135bc20_0, 1, 1;
    %jmp T_1.43;
T_1.37 ;
    %set/v v0x135bc20_0, 1, 1;
    %jmp T_1.43;
T_1.38 ;
    %set/v v0x135bc20_0, 1, 1;
    %jmp T_1.43;
T_1.39 ;
    %set/v v0x135bc20_0, 1, 1;
    %jmp T_1.43;
T_1.40 ;
    %set/v v0x135bc20_0, 1, 1;
    %jmp T_1.43;
T_1.41 ;
    %set/v v0x135bc20_0, 1, 1;
    %jmp T_1.43;
T_1.43 ;
    %load/v 8, v0x135bb40_0, 6;
    %cmpi/u 8, 0, 6;
    %jmp/1 T_1.44, 6;
    %cmpi/u 8, 2, 6;
    %jmp/1 T_1.45, 6;
    %cmpi/u 8, 6, 6;
    %jmp/1 T_1.46, 6;
    %cmpi/u 8, 8, 6;
    %jmp/1 T_1.47, 6;
    %cmpi/u 8, 10, 6;
    %jmp/1 T_1.48, 6;
    %cmpi/u 8, 12, 6;
    %jmp/1 T_1.49, 6;
    %cmpi/u 8, 14, 6;
    %jmp/1 T_1.50, 6;
    %cmpi/u 8, 16, 6;
    %jmp/1 T_1.51, 6;
    %cmpi/u 8, 18, 6;
    %jmp/1 T_1.52, 6;
    %cmpi/u 8, 20, 6;
    %jmp/1 T_1.53, 6;
    %cmpi/u 8, 22, 6;
    %jmp/1 T_1.54, 6;
    %cmpi/u 8, 23, 6;
    %jmp/1 T_1.55, 6;
    %set/v v0x135bd30_0, 0, 1;
    %jmp T_1.57;
T_1.44 ;
    %set/v v0x135bd30_0, 1, 1;
    %jmp T_1.57;
T_1.45 ;
    %set/v v0x135bd30_0, 1, 1;
    %jmp T_1.57;
T_1.46 ;
    %set/v v0x135bd30_0, 1, 1;
    %jmp T_1.57;
T_1.47 ;
    %set/v v0x135bd30_0, 1, 1;
    %jmp T_1.57;
T_1.48 ;
    %set/v v0x135bd30_0, 1, 1;
    %jmp T_1.57;
T_1.49 ;
    %set/v v0x135bd30_0, 1, 1;
    %jmp T_1.57;
T_1.50 ;
    %set/v v0x135bd30_0, 1, 1;
    %jmp T_1.57;
T_1.51 ;
    %set/v v0x135bd30_0, 1, 1;
    %jmp T_1.57;
T_1.52 ;
    %set/v v0x135bd30_0, 1, 1;
    %jmp T_1.57;
T_1.53 ;
    %set/v v0x135bd30_0, 1, 1;
    %jmp T_1.57;
T_1.54 ;
    %set/v v0x135bd30_0, 1, 1;
    %jmp T_1.57;
T_1.55 ;
    %set/v v0x135bd30_0, 1, 1;
    %jmp T_1.57;
T_1.57 ;
    %jmp T_1.29;
T_1.1 ;
    %load/v 8, v0x135b970_0, 6;
    %cmpi/u 8, 0, 6;
    %jmp/1 T_1.58, 6;
    %cmpi/u 8, 2, 6;
    %jmp/1 T_1.59, 6;
    %cmpi/u 8, 6, 6;
    %jmp/1 T_1.60, 6;
    %cmpi/u 8, 8, 6;
    %jmp/1 T_1.61, 6;
    %cmpi/u 8, 10, 6;
    %jmp/1 T_1.62, 6;
    %cmpi/u 8, 12, 6;
    %jmp/1 T_1.63, 6;
    %cmpi/u 8, 14, 6;
    %jmp/1 T_1.64, 6;
    %cmpi/u 8, 16, 6;
    %jmp/1 T_1.65, 6;
    %cmpi/u 8, 18, 6;
    %jmp/1 T_1.66, 6;
    %cmpi/u 8, 20, 6;
    %jmp/1 T_1.67, 6;
    %cmpi/u 8, 22, 6;
    %jmp/1 T_1.68, 6;
    %cmpi/u 8, 23, 6;
    %jmp/1 T_1.69, 6;
    %set/v v0x135bc20_0, 0, 1;
    %jmp T_1.71;
T_1.58 ;
    %set/v v0x135bc20_0, 1, 1;
    %jmp T_1.71;
T_1.59 ;
    %set/v v0x135bc20_0, 1, 1;
    %jmp T_1.71;
T_1.60 ;
    %set/v v0x135bc20_0, 1, 1;
    %jmp T_1.71;
T_1.61 ;
    %set/v v0x135bc20_0, 1, 1;
    %jmp T_1.71;
T_1.62 ;
    %set/v v0x135bc20_0, 1, 1;
    %jmp T_1.71;
T_1.63 ;
    %set/v v0x135bc20_0, 1, 1;
    %jmp T_1.71;
T_1.64 ;
    %set/v v0x135bc20_0, 1, 1;
    %jmp T_1.71;
T_1.65 ;
    %set/v v0x135bc20_0, 1, 1;
    %jmp T_1.71;
T_1.66 ;
    %set/v v0x135bc20_0, 1, 1;
    %jmp T_1.71;
T_1.67 ;
    %set/v v0x135bc20_0, 1, 1;
    %jmp T_1.71;
T_1.68 ;
    %set/v v0x135bc20_0, 1, 1;
    %jmp T_1.71;
T_1.69 ;
    %set/v v0x135bc20_0, 1, 1;
    %jmp T_1.71;
T_1.71 ;
    %load/v 8, v0x135bb40_0, 6;
    %cmpi/u 8, 0, 6;
    %jmp/1 T_1.72, 6;
    %cmpi/u 8, 2, 6;
    %jmp/1 T_1.73, 6;
    %cmpi/u 8, 6, 6;
    %jmp/1 T_1.74, 6;
    %cmpi/u 8, 8, 6;
    %jmp/1 T_1.75, 6;
    %cmpi/u 8, 10, 6;
    %jmp/1 T_1.76, 6;
    %cmpi/u 8, 12, 6;
    %jmp/1 T_1.77, 6;
    %cmpi/u 8, 14, 6;
    %jmp/1 T_1.78, 6;
    %cmpi/u 8, 16, 6;
    %jmp/1 T_1.79, 6;
    %cmpi/u 8, 18, 6;
    %jmp/1 T_1.80, 6;
    %cmpi/u 8, 20, 6;
    %jmp/1 T_1.81, 6;
    %cmpi/u 8, 22, 6;
    %jmp/1 T_1.82, 6;
    %cmpi/u 8, 23, 6;
    %jmp/1 T_1.83, 6;
    %set/v v0x135bd30_0, 0, 1;
    %jmp T_1.85;
T_1.72 ;
    %set/v v0x135bd30_0, 1, 1;
    %jmp T_1.85;
T_1.73 ;
    %set/v v0x135bd30_0, 1, 1;
    %jmp T_1.85;
T_1.74 ;
    %set/v v0x135bd30_0, 1, 1;
    %jmp T_1.85;
T_1.75 ;
    %set/v v0x135bd30_0, 1, 1;
    %jmp T_1.85;
T_1.76 ;
    %set/v v0x135bd30_0, 1, 1;
    %jmp T_1.85;
T_1.77 ;
    %set/v v0x135bd30_0, 1, 1;
    %jmp T_1.85;
T_1.78 ;
    %set/v v0x135bd30_0, 1, 1;
    %jmp T_1.85;
T_1.79 ;
    %set/v v0x135bd30_0, 1, 1;
    %jmp T_1.85;
T_1.80 ;
    %set/v v0x135bd30_0, 1, 1;
    %jmp T_1.85;
T_1.81 ;
    %set/v v0x135bd30_0, 1, 1;
    %jmp T_1.85;
T_1.82 ;
    %set/v v0x135bd30_0, 1, 1;
    %jmp T_1.85;
T_1.83 ;
    %set/v v0x135bd30_0, 1, 1;
    %jmp T_1.85;
T_1.85 ;
    %jmp T_1.29;
T_1.2 ;
    %load/v 8, v0x135b970_0, 6;
    %cmpi/u 8, 0, 6;
    %jmp/1 T_1.86, 6;
    %cmpi/u 8, 2, 6;
    %jmp/1 T_1.87, 6;
    %cmpi/u 8, 6, 6;
    %jmp/1 T_1.88, 6;
    %cmpi/u 8, 8, 6;
    %jmp/1 T_1.89, 6;
    %cmpi/u 8, 10, 6;
    %jmp/1 T_1.90, 6;
    %cmpi/u 8, 12, 6;
    %jmp/1 T_1.91, 6;
    %cmpi/u 8, 14, 6;
    %jmp/1 T_1.92, 6;
    %cmpi/u 8, 16, 6;
    %jmp/1 T_1.93, 6;
    %cmpi/u 8, 18, 6;
    %jmp/1 T_1.94, 6;
    %cmpi/u 8, 20, 6;
    %jmp/1 T_1.95, 6;
    %cmpi/u 8, 22, 6;
    %jmp/1 T_1.96, 6;
    %cmpi/u 8, 23, 6;
    %jmp/1 T_1.97, 6;
    %set/v v0x135bc20_0, 0, 1;
    %jmp T_1.99;
T_1.86 ;
    %set/v v0x135bc20_0, 1, 1;
    %jmp T_1.99;
T_1.87 ;
    %set/v v0x135bc20_0, 1, 1;
    %jmp T_1.99;
T_1.88 ;
    %set/v v0x135bc20_0, 1, 1;
    %jmp T_1.99;
T_1.89 ;
    %set/v v0x135bc20_0, 1, 1;
    %jmp T_1.99;
T_1.90 ;
    %set/v v0x135bc20_0, 1, 1;
    %jmp T_1.99;
T_1.91 ;
    %set/v v0x135bc20_0, 1, 1;
    %jmp T_1.99;
T_1.92 ;
    %set/v v0x135bc20_0, 1, 1;
    %jmp T_1.99;
T_1.93 ;
    %set/v v0x135bc20_0, 1, 1;
    %jmp T_1.99;
T_1.94 ;
    %set/v v0x135bc20_0, 1, 1;
    %jmp T_1.99;
T_1.95 ;
    %set/v v0x135bc20_0, 1, 1;
    %jmp T_1.99;
T_1.96 ;
    %set/v v0x135bc20_0, 1, 1;
    %jmp T_1.99;
T_1.97 ;
    %set/v v0x135bc20_0, 1, 1;
    %jmp T_1.99;
T_1.99 ;
    %load/v 8, v0x135bb40_0, 6;
    %cmpi/u 8, 0, 6;
    %jmp/1 T_1.100, 6;
    %cmpi/u 8, 2, 6;
    %jmp/1 T_1.101, 6;
    %cmpi/u 8, 6, 6;
    %jmp/1 T_1.102, 6;
    %cmpi/u 8, 8, 6;
    %jmp/1 T_1.103, 6;
    %cmpi/u 8, 10, 6;
    %jmp/1 T_1.104, 6;
    %cmpi/u 8, 12, 6;
    %jmp/1 T_1.105, 6;
    %cmpi/u 8, 14, 6;
    %jmp/1 T_1.106, 6;
    %cmpi/u 8, 16, 6;
    %jmp/1 T_1.107, 6;
    %cmpi/u 8, 18, 6;
    %jmp/1 T_1.108, 6;
    %cmpi/u 8, 20, 6;
    %jmp/1 T_1.109, 6;
    %cmpi/u 8, 22, 6;
    %jmp/1 T_1.110, 6;
    %cmpi/u 8, 23, 6;
    %jmp/1 T_1.111, 6;
    %set/v v0x135bd30_0, 0, 1;
    %jmp T_1.113;
T_1.100 ;
    %set/v v0x135bd30_0, 1, 1;
    %jmp T_1.113;
T_1.101 ;
    %set/v v0x135bd30_0, 1, 1;
    %jmp T_1.113;
T_1.102 ;
    %set/v v0x135bd30_0, 1, 1;
    %jmp T_1.113;
T_1.103 ;
    %set/v v0x135bd30_0, 1, 1;
    %jmp T_1.113;
T_1.104 ;
    %set/v v0x135bd30_0, 1, 1;
    %jmp T_1.113;
T_1.105 ;
    %set/v v0x135bd30_0, 1, 1;
    %jmp T_1.113;
T_1.106 ;
    %set/v v0x135bd30_0, 1, 1;
    %jmp T_1.113;
T_1.107 ;
    %set/v v0x135bd30_0, 1, 1;
    %jmp T_1.113;
T_1.108 ;
    %set/v v0x135bd30_0, 1, 1;
    %jmp T_1.113;
T_1.109 ;
    %set/v v0x135bd30_0, 1, 1;
    %jmp T_1.113;
T_1.110 ;
    %set/v v0x135bd30_0, 1, 1;
    %jmp T_1.113;
T_1.111 ;
    %set/v v0x135bd30_0, 1, 1;
    %jmp T_1.113;
T_1.113 ;
    %jmp T_1.29;
T_1.3 ;
    %load/v 8, v0x135b970_0, 6;
    %cmpi/u 8, 0, 6;
    %jmp/1 T_1.114, 6;
    %cmpi/u 8, 2, 6;
    %jmp/1 T_1.115, 6;
    %cmpi/u 8, 6, 6;
    %jmp/1 T_1.116, 6;
    %cmpi/u 8, 8, 6;
    %jmp/1 T_1.117, 6;
    %cmpi/u 8, 10, 6;
    %jmp/1 T_1.118, 6;
    %cmpi/u 8, 12, 6;
    %jmp/1 T_1.119, 6;
    %cmpi/u 8, 14, 6;
    %jmp/1 T_1.120, 6;
    %cmpi/u 8, 16, 6;
    %jmp/1 T_1.121, 6;
    %cmpi/u 8, 18, 6;
    %jmp/1 T_1.122, 6;
    %cmpi/u 8, 20, 6;
    %jmp/1 T_1.123, 6;
    %cmpi/u 8, 22, 6;
    %jmp/1 T_1.124, 6;
    %cmpi/u 8, 23, 6;
    %jmp/1 T_1.125, 6;
    %set/v v0x135bc20_0, 0, 1;
    %jmp T_1.127;
T_1.114 ;
    %set/v v0x135bc20_0, 1, 1;
    %jmp T_1.127;
T_1.115 ;
    %set/v v0x135bc20_0, 1, 1;
    %jmp T_1.127;
T_1.116 ;
    %set/v v0x135bc20_0, 1, 1;
    %jmp T_1.127;
T_1.117 ;
    %set/v v0x135bc20_0, 1, 1;
    %jmp T_1.127;
T_1.118 ;
    %set/v v0x135bc20_0, 1, 1;
    %jmp T_1.127;
T_1.119 ;
    %set/v v0x135bc20_0, 1, 1;
    %jmp T_1.127;
T_1.120 ;
    %set/v v0x135bc20_0, 1, 1;
    %jmp T_1.127;
T_1.121 ;
    %set/v v0x135bc20_0, 1, 1;
    %jmp T_1.127;
T_1.122 ;
    %set/v v0x135bc20_0, 1, 1;
    %jmp T_1.127;
T_1.123 ;
    %set/v v0x135bc20_0, 1, 1;
    %jmp T_1.127;
T_1.124 ;
    %set/v v0x135bc20_0, 1, 1;
    %jmp T_1.127;
T_1.125 ;
    %set/v v0x135bc20_0, 1, 1;
    %jmp T_1.127;
T_1.127 ;
    %load/v 8, v0x135bb40_0, 6;
    %cmpi/u 8, 0, 6;
    %jmp/1 T_1.128, 6;
    %cmpi/u 8, 2, 6;
    %jmp/1 T_1.129, 6;
    %cmpi/u 8, 6, 6;
    %jmp/1 T_1.130, 6;
    %cmpi/u 8, 8, 6;
    %jmp/1 T_1.131, 6;
    %cmpi/u 8, 10, 6;
    %jmp/1 T_1.132, 6;
    %cmpi/u 8, 12, 6;
    %jmp/1 T_1.133, 6;
    %cmpi/u 8, 14, 6;
    %jmp/1 T_1.134, 6;
    %cmpi/u 8, 16, 6;
    %jmp/1 T_1.135, 6;
    %cmpi/u 8, 18, 6;
    %jmp/1 T_1.136, 6;
    %cmpi/u 8, 20, 6;
    %jmp/1 T_1.137, 6;
    %cmpi/u 8, 22, 6;
    %jmp/1 T_1.138, 6;
    %cmpi/u 8, 23, 6;
    %jmp/1 T_1.139, 6;
    %set/v v0x135bd30_0, 0, 1;
    %jmp T_1.141;
T_1.128 ;
    %set/v v0x135bd30_0, 1, 1;
    %jmp T_1.141;
T_1.129 ;
    %set/v v0x135bd30_0, 1, 1;
    %jmp T_1.141;
T_1.130 ;
    %set/v v0x135bd30_0, 1, 1;
    %jmp T_1.141;
T_1.131 ;
    %set/v v0x135bd30_0, 1, 1;
    %jmp T_1.141;
T_1.132 ;
    %set/v v0x135bd30_0, 1, 1;
    %jmp T_1.141;
T_1.133 ;
    %set/v v0x135bd30_0, 1, 1;
    %jmp T_1.141;
T_1.134 ;
    %set/v v0x135bd30_0, 1, 1;
    %jmp T_1.141;
T_1.135 ;
    %set/v v0x135bd30_0, 1, 1;
    %jmp T_1.141;
T_1.136 ;
    %set/v v0x135bd30_0, 1, 1;
    %jmp T_1.141;
T_1.137 ;
    %set/v v0x135bd30_0, 1, 1;
    %jmp T_1.141;
T_1.138 ;
    %set/v v0x135bd30_0, 1, 1;
    %jmp T_1.141;
T_1.139 ;
    %set/v v0x135bd30_0, 1, 1;
    %jmp T_1.141;
T_1.141 ;
    %jmp T_1.29;
T_1.4 ;
    %load/v 8, v0x135b970_0, 6;
    %cmpi/u 8, 0, 6;
    %jmp/1 T_1.142, 6;
    %cmpi/u 8, 2, 6;
    %jmp/1 T_1.143, 6;
    %cmpi/u 8, 6, 6;
    %jmp/1 T_1.144, 6;
    %cmpi/u 8, 8, 6;
    %jmp/1 T_1.145, 6;
    %cmpi/u 8, 10, 6;
    %jmp/1 T_1.146, 6;
    %cmpi/u 8, 12, 6;
    %jmp/1 T_1.147, 6;
    %cmpi/u 8, 14, 6;
    %jmp/1 T_1.148, 6;
    %cmpi/u 8, 16, 6;
    %jmp/1 T_1.149, 6;
    %cmpi/u 8, 18, 6;
    %jmp/1 T_1.150, 6;
    %cmpi/u 8, 20, 6;
    %jmp/1 T_1.151, 6;
    %cmpi/u 8, 22, 6;
    %jmp/1 T_1.152, 6;
    %cmpi/u 8, 23, 6;
    %jmp/1 T_1.153, 6;
    %set/v v0x135bc20_0, 0, 1;
    %jmp T_1.155;
T_1.142 ;
    %set/v v0x135bc20_0, 1, 1;
    %jmp T_1.155;
T_1.143 ;
    %set/v v0x135bc20_0, 1, 1;
    %jmp T_1.155;
T_1.144 ;
    %set/v v0x135bc20_0, 1, 1;
    %jmp T_1.155;
T_1.145 ;
    %set/v v0x135bc20_0, 1, 1;
    %jmp T_1.155;
T_1.146 ;
    %set/v v0x135bc20_0, 1, 1;
    %jmp T_1.155;
T_1.147 ;
    %set/v v0x135bc20_0, 1, 1;
    %jmp T_1.155;
T_1.148 ;
    %set/v v0x135bc20_0, 1, 1;
    %jmp T_1.155;
T_1.149 ;
    %set/v v0x135bc20_0, 1, 1;
    %jmp T_1.155;
T_1.150 ;
    %set/v v0x135bc20_0, 1, 1;
    %jmp T_1.155;
T_1.151 ;
    %set/v v0x135bc20_0, 1, 1;
    %jmp T_1.155;
T_1.152 ;
    %set/v v0x135bc20_0, 1, 1;
    %jmp T_1.155;
T_1.153 ;
    %set/v v0x135bc20_0, 1, 1;
    %jmp T_1.155;
T_1.155 ;
    %load/v 8, v0x135bb40_0, 6;
    %cmpi/u 8, 0, 6;
    %jmp/1 T_1.156, 6;
    %cmpi/u 8, 2, 6;
    %jmp/1 T_1.157, 6;
    %cmpi/u 8, 6, 6;
    %jmp/1 T_1.158, 6;
    %cmpi/u 8, 8, 6;
    %jmp/1 T_1.159, 6;
    %cmpi/u 8, 10, 6;
    %jmp/1 T_1.160, 6;
    %cmpi/u 8, 12, 6;
    %jmp/1 T_1.161, 6;
    %cmpi/u 8, 14, 6;
    %jmp/1 T_1.162, 6;
    %cmpi/u 8, 16, 6;
    %jmp/1 T_1.163, 6;
    %cmpi/u 8, 18, 6;
    %jmp/1 T_1.164, 6;
    %cmpi/u 8, 20, 6;
    %jmp/1 T_1.165, 6;
    %cmpi/u 8, 22, 6;
    %jmp/1 T_1.166, 6;
    %cmpi/u 8, 23, 6;
    %jmp/1 T_1.167, 6;
    %set/v v0x135bd30_0, 0, 1;
    %jmp T_1.169;
T_1.156 ;
    %set/v v0x135bd30_0, 1, 1;
    %jmp T_1.169;
T_1.157 ;
    %set/v v0x135bd30_0, 1, 1;
    %jmp T_1.169;
T_1.158 ;
    %set/v v0x135bd30_0, 1, 1;
    %jmp T_1.169;
T_1.159 ;
    %set/v v0x135bd30_0, 1, 1;
    %jmp T_1.169;
T_1.160 ;
    %set/v v0x135bd30_0, 1, 1;
    %jmp T_1.169;
T_1.161 ;
    %set/v v0x135bd30_0, 1, 1;
    %jmp T_1.169;
T_1.162 ;
    %set/v v0x135bd30_0, 1, 1;
    %jmp T_1.169;
T_1.163 ;
    %set/v v0x135bd30_0, 1, 1;
    %jmp T_1.169;
T_1.164 ;
    %set/v v0x135bd30_0, 1, 1;
    %jmp T_1.169;
T_1.165 ;
    %set/v v0x135bd30_0, 1, 1;
    %jmp T_1.169;
T_1.166 ;
    %set/v v0x135bd30_0, 1, 1;
    %jmp T_1.169;
T_1.167 ;
    %set/v v0x135bd30_0, 1, 1;
    %jmp T_1.169;
T_1.169 ;
    %jmp T_1.29;
T_1.5 ;
    %load/v 8, v0x135b970_0, 6;
    %cmpi/u 8, 0, 6;
    %jmp/1 T_1.170, 6;
    %cmpi/u 8, 2, 6;
    %jmp/1 T_1.171, 6;
    %cmpi/u 8, 6, 6;
    %jmp/1 T_1.172, 6;
    %cmpi/u 8, 8, 6;
    %jmp/1 T_1.173, 6;
    %cmpi/u 8, 10, 6;
    %jmp/1 T_1.174, 6;
    %cmpi/u 8, 12, 6;
    %jmp/1 T_1.175, 6;
    %cmpi/u 8, 14, 6;
    %jmp/1 T_1.176, 6;
    %cmpi/u 8, 16, 6;
    %jmp/1 T_1.177, 6;
    %cmpi/u 8, 18, 6;
    %jmp/1 T_1.178, 6;
    %cmpi/u 8, 20, 6;
    %jmp/1 T_1.179, 6;
    %cmpi/u 8, 22, 6;
    %jmp/1 T_1.180, 6;
    %cmpi/u 8, 23, 6;
    %jmp/1 T_1.181, 6;
    %set/v v0x135bc20_0, 0, 1;
    %jmp T_1.183;
T_1.170 ;
    %set/v v0x135bc20_0, 1, 1;
    %jmp T_1.183;
T_1.171 ;
    %set/v v0x135bc20_0, 1, 1;
    %jmp T_1.183;
T_1.172 ;
    %set/v v0x135bc20_0, 1, 1;
    %jmp T_1.183;
T_1.173 ;
    %set/v v0x135bc20_0, 1, 1;
    %jmp T_1.183;
T_1.174 ;
    %set/v v0x135bc20_0, 1, 1;
    %jmp T_1.183;
T_1.175 ;
    %set/v v0x135bc20_0, 1, 1;
    %jmp T_1.183;
T_1.176 ;
    %set/v v0x135bc20_0, 1, 1;
    %jmp T_1.183;
T_1.177 ;
    %set/v v0x135bc20_0, 1, 1;
    %jmp T_1.183;
T_1.178 ;
    %set/v v0x135bc20_0, 1, 1;
    %jmp T_1.183;
T_1.179 ;
    %set/v v0x135bc20_0, 1, 1;
    %jmp T_1.183;
T_1.180 ;
    %set/v v0x135bc20_0, 1, 1;
    %jmp T_1.183;
T_1.181 ;
    %set/v v0x135bc20_0, 1, 1;
    %jmp T_1.183;
T_1.183 ;
    %load/v 8, v0x135bb40_0, 6;
    %cmpi/u 8, 0, 6;
    %jmp/1 T_1.184, 6;
    %cmpi/u 8, 2, 6;
    %jmp/1 T_1.185, 6;
    %cmpi/u 8, 6, 6;
    %jmp/1 T_1.186, 6;
    %cmpi/u 8, 8, 6;
    %jmp/1 T_1.187, 6;
    %cmpi/u 8, 10, 6;
    %jmp/1 T_1.188, 6;
    %cmpi/u 8, 12, 6;
    %jmp/1 T_1.189, 6;
    %cmpi/u 8, 14, 6;
    %jmp/1 T_1.190, 6;
    %cmpi/u 8, 16, 6;
    %jmp/1 T_1.191, 6;
    %cmpi/u 8, 18, 6;
    %jmp/1 T_1.192, 6;
    %cmpi/u 8, 20, 6;
    %jmp/1 T_1.193, 6;
    %cmpi/u 8, 22, 6;
    %jmp/1 T_1.194, 6;
    %cmpi/u 8, 23, 6;
    %jmp/1 T_1.195, 6;
    %set/v v0x135bd30_0, 0, 1;
    %jmp T_1.197;
T_1.184 ;
    %set/v v0x135bd30_0, 1, 1;
    %jmp T_1.197;
T_1.185 ;
    %set/v v0x135bd30_0, 1, 1;
    %jmp T_1.197;
T_1.186 ;
    %set/v v0x135bd30_0, 1, 1;
    %jmp T_1.197;
T_1.187 ;
    %set/v v0x135bd30_0, 1, 1;
    %jmp T_1.197;
T_1.188 ;
    %set/v v0x135bd30_0, 1, 1;
    %jmp T_1.197;
T_1.189 ;
    %set/v v0x135bd30_0, 1, 1;
    %jmp T_1.197;
T_1.190 ;
    %set/v v0x135bd30_0, 1, 1;
    %jmp T_1.197;
T_1.191 ;
    %set/v v0x135bd30_0, 1, 1;
    %jmp T_1.197;
T_1.192 ;
    %set/v v0x135bd30_0, 1, 1;
    %jmp T_1.197;
T_1.193 ;
    %set/v v0x135bd30_0, 1, 1;
    %jmp T_1.197;
T_1.194 ;
    %set/v v0x135bd30_0, 1, 1;
    %jmp T_1.197;
T_1.195 ;
    %set/v v0x135bd30_0, 1, 1;
    %jmp T_1.197;
T_1.197 ;
    %jmp T_1.29;
T_1.6 ;
    %load/v 8, v0x135b970_0, 6;
    %cmpi/u 8, 0, 6;
    %jmp/1 T_1.198, 6;
    %cmpi/u 8, 2, 6;
    %jmp/1 T_1.199, 6;
    %cmpi/u 8, 6, 6;
    %jmp/1 T_1.200, 6;
    %cmpi/u 8, 8, 6;
    %jmp/1 T_1.201, 6;
    %cmpi/u 8, 10, 6;
    %jmp/1 T_1.202, 6;
    %cmpi/u 8, 12, 6;
    %jmp/1 T_1.203, 6;
    %cmpi/u 8, 14, 6;
    %jmp/1 T_1.204, 6;
    %cmpi/u 8, 16, 6;
    %jmp/1 T_1.205, 6;
    %cmpi/u 8, 18, 6;
    %jmp/1 T_1.206, 6;
    %cmpi/u 8, 20, 6;
    %jmp/1 T_1.207, 6;
    %cmpi/u 8, 22, 6;
    %jmp/1 T_1.208, 6;
    %cmpi/u 8, 23, 6;
    %jmp/1 T_1.209, 6;
    %set/v v0x135bc20_0, 0, 1;
    %jmp T_1.211;
T_1.198 ;
    %set/v v0x135bc20_0, 1, 1;
    %jmp T_1.211;
T_1.199 ;
    %set/v v0x135bc20_0, 1, 1;
    %jmp T_1.211;
T_1.200 ;
    %set/v v0x135bc20_0, 1, 1;
    %jmp T_1.211;
T_1.201 ;
    %set/v v0x135bc20_0, 1, 1;
    %jmp T_1.211;
T_1.202 ;
    %set/v v0x135bc20_0, 1, 1;
    %jmp T_1.211;
T_1.203 ;
    %set/v v0x135bc20_0, 1, 1;
    %jmp T_1.211;
T_1.204 ;
    %set/v v0x135bc20_0, 1, 1;
    %jmp T_1.211;
T_1.205 ;
    %set/v v0x135bc20_0, 1, 1;
    %jmp T_1.211;
T_1.206 ;
    %set/v v0x135bc20_0, 1, 1;
    %jmp T_1.211;
T_1.207 ;
    %set/v v0x135bc20_0, 1, 1;
    %jmp T_1.211;
T_1.208 ;
    %set/v v0x135bc20_0, 1, 1;
    %jmp T_1.211;
T_1.209 ;
    %set/v v0x135bc20_0, 1, 1;
    %jmp T_1.211;
T_1.211 ;
    %load/v 8, v0x135bb40_0, 6;
    %cmpi/u 8, 0, 6;
    %jmp/1 T_1.212, 6;
    %cmpi/u 8, 2, 6;
    %jmp/1 T_1.213, 6;
    %cmpi/u 8, 6, 6;
    %jmp/1 T_1.214, 6;
    %cmpi/u 8, 8, 6;
    %jmp/1 T_1.215, 6;
    %cmpi/u 8, 10, 6;
    %jmp/1 T_1.216, 6;
    %cmpi/u 8, 12, 6;
    %jmp/1 T_1.217, 6;
    %cmpi/u 8, 14, 6;
    %jmp/1 T_1.218, 6;
    %cmpi/u 8, 16, 6;
    %jmp/1 T_1.219, 6;
    %cmpi/u 8, 18, 6;
    %jmp/1 T_1.220, 6;
    %cmpi/u 8, 20, 6;
    %jmp/1 T_1.221, 6;
    %cmpi/u 8, 22, 6;
    %jmp/1 T_1.222, 6;
    %cmpi/u 8, 23, 6;
    %jmp/1 T_1.223, 6;
    %set/v v0x135bd30_0, 0, 1;
    %jmp T_1.225;
T_1.212 ;
    %set/v v0x135bd30_0, 1, 1;
    %jmp T_1.225;
T_1.213 ;
    %set/v v0x135bd30_0, 1, 1;
    %jmp T_1.225;
T_1.214 ;
    %set/v v0x135bd30_0, 1, 1;
    %jmp T_1.225;
T_1.215 ;
    %set/v v0x135bd30_0, 1, 1;
    %jmp T_1.225;
T_1.216 ;
    %set/v v0x135bd30_0, 1, 1;
    %jmp T_1.225;
T_1.217 ;
    %set/v v0x135bd30_0, 1, 1;
    %jmp T_1.225;
T_1.218 ;
    %set/v v0x135bd30_0, 1, 1;
    %jmp T_1.225;
T_1.219 ;
    %set/v v0x135bd30_0, 1, 1;
    %jmp T_1.225;
T_1.220 ;
    %set/v v0x135bd30_0, 1, 1;
    %jmp T_1.225;
T_1.221 ;
    %set/v v0x135bd30_0, 1, 1;
    %jmp T_1.225;
T_1.222 ;
    %set/v v0x135bd30_0, 1, 1;
    %jmp T_1.225;
T_1.223 ;
    %set/v v0x135bd30_0, 1, 1;
    %jmp T_1.225;
T_1.225 ;
    %jmp T_1.29;
T_1.7 ;
    %load/v 8, v0x135b970_0, 6;
    %cmpi/u 8, 0, 6;
    %jmp/1 T_1.226, 6;
    %cmpi/u 8, 2, 6;
    %jmp/1 T_1.227, 6;
    %cmpi/u 8, 6, 6;
    %jmp/1 T_1.228, 6;
    %cmpi/u 8, 8, 6;
    %jmp/1 T_1.229, 6;
    %cmpi/u 8, 10, 6;
    %jmp/1 T_1.230, 6;
    %cmpi/u 8, 12, 6;
    %jmp/1 T_1.231, 6;
    %cmpi/u 8, 14, 6;
    %jmp/1 T_1.232, 6;
    %cmpi/u 8, 16, 6;
    %jmp/1 T_1.233, 6;
    %cmpi/u 8, 18, 6;
    %jmp/1 T_1.234, 6;
    %cmpi/u 8, 20, 6;
    %jmp/1 T_1.235, 6;
    %cmpi/u 8, 22, 6;
    %jmp/1 T_1.236, 6;
    %cmpi/u 8, 23, 6;
    %jmp/1 T_1.237, 6;
    %set/v v0x135bc20_0, 0, 1;
    %jmp T_1.239;
T_1.226 ;
    %set/v v0x135bc20_0, 1, 1;
    %jmp T_1.239;
T_1.227 ;
    %set/v v0x135bc20_0, 1, 1;
    %jmp T_1.239;
T_1.228 ;
    %set/v v0x135bc20_0, 1, 1;
    %jmp T_1.239;
T_1.229 ;
    %set/v v0x135bc20_0, 1, 1;
    %jmp T_1.239;
T_1.230 ;
    %set/v v0x135bc20_0, 1, 1;
    %jmp T_1.239;
T_1.231 ;
    %set/v v0x135bc20_0, 1, 1;
    %jmp T_1.239;
T_1.232 ;
    %set/v v0x135bc20_0, 1, 1;
    %jmp T_1.239;
T_1.233 ;
    %set/v v0x135bc20_0, 1, 1;
    %jmp T_1.239;
T_1.234 ;
    %set/v v0x135bc20_0, 1, 1;
    %jmp T_1.239;
T_1.235 ;
    %set/v v0x135bc20_0, 1, 1;
    %jmp T_1.239;
T_1.236 ;
    %set/v v0x135bc20_0, 1, 1;
    %jmp T_1.239;
T_1.237 ;
    %set/v v0x135bc20_0, 1, 1;
    %jmp T_1.239;
T_1.239 ;
    %load/v 8, v0x135bb40_0, 6;
    %cmpi/u 8, 0, 6;
    %jmp/1 T_1.240, 6;
    %cmpi/u 8, 2, 6;
    %jmp/1 T_1.241, 6;
    %cmpi/u 8, 6, 6;
    %jmp/1 T_1.242, 6;
    %cmpi/u 8, 8, 6;
    %jmp/1 T_1.243, 6;
    %cmpi/u 8, 10, 6;
    %jmp/1 T_1.244, 6;
    %cmpi/u 8, 12, 6;
    %jmp/1 T_1.245, 6;
    %cmpi/u 8, 14, 6;
    %jmp/1 T_1.246, 6;
    %cmpi/u 8, 16, 6;
    %jmp/1 T_1.247, 6;
    %cmpi/u 8, 18, 6;
    %jmp/1 T_1.248, 6;
    %cmpi/u 8, 20, 6;
    %jmp/1 T_1.249, 6;
    %cmpi/u 8, 22, 6;
    %jmp/1 T_1.250, 6;
    %cmpi/u 8, 23, 6;
    %jmp/1 T_1.251, 6;
    %set/v v0x135bd30_0, 0, 1;
    %jmp T_1.253;
T_1.240 ;
    %set/v v0x135bd30_0, 1, 1;
    %jmp T_1.253;
T_1.241 ;
    %set/v v0x135bd30_0, 1, 1;
    %jmp T_1.253;
T_1.242 ;
    %set/v v0x135bd30_0, 1, 1;
    %jmp T_1.253;
T_1.243 ;
    %set/v v0x135bd30_0, 1, 1;
    %jmp T_1.253;
T_1.244 ;
    %set/v v0x135bd30_0, 1, 1;
    %jmp T_1.253;
T_1.245 ;
    %set/v v0x135bd30_0, 1, 1;
    %jmp T_1.253;
T_1.246 ;
    %set/v v0x135bd30_0, 1, 1;
    %jmp T_1.253;
T_1.247 ;
    %set/v v0x135bd30_0, 1, 1;
    %jmp T_1.253;
T_1.248 ;
    %set/v v0x135bd30_0, 1, 1;
    %jmp T_1.253;
T_1.249 ;
    %set/v v0x135bd30_0, 1, 1;
    %jmp T_1.253;
T_1.250 ;
    %set/v v0x135bd30_0, 1, 1;
    %jmp T_1.253;
T_1.251 ;
    %set/v v0x135bd30_0, 1, 1;
    %jmp T_1.253;
T_1.253 ;
    %jmp T_1.29;
T_1.8 ;
    %load/v 8, v0x135b970_0, 6;
    %cmpi/u 8, 0, 6;
    %jmp/1 T_1.254, 6;
    %cmpi/u 8, 2, 6;
    %jmp/1 T_1.255, 6;
    %cmpi/u 8, 6, 6;
    %jmp/1 T_1.256, 6;
    %cmpi/u 8, 8, 6;
    %jmp/1 T_1.257, 6;
    %cmpi/u 8, 10, 6;
    %jmp/1 T_1.258, 6;
    %cmpi/u 8, 12, 6;
    %jmp/1 T_1.259, 6;
    %cmpi/u 8, 14, 6;
    %jmp/1 T_1.260, 6;
    %cmpi/u 8, 16, 6;
    %jmp/1 T_1.261, 6;
    %cmpi/u 8, 18, 6;
    %jmp/1 T_1.262, 6;
    %cmpi/u 8, 20, 6;
    %jmp/1 T_1.263, 6;
    %cmpi/u 8, 22, 6;
    %jmp/1 T_1.264, 6;
    %cmpi/u 8, 23, 6;
    %jmp/1 T_1.265, 6;
    %set/v v0x135bc20_0, 0, 1;
    %jmp T_1.267;
T_1.254 ;
    %set/v v0x135bc20_0, 1, 1;
    %jmp T_1.267;
T_1.255 ;
    %set/v v0x135bc20_0, 1, 1;
    %jmp T_1.267;
T_1.256 ;
    %set/v v0x135bc20_0, 1, 1;
    %jmp T_1.267;
T_1.257 ;
    %set/v v0x135bc20_0, 1, 1;
    %jmp T_1.267;
T_1.258 ;
    %set/v v0x135bc20_0, 1, 1;
    %jmp T_1.267;
T_1.259 ;
    %set/v v0x135bc20_0, 1, 1;
    %jmp T_1.267;
T_1.260 ;
    %set/v v0x135bc20_0, 1, 1;
    %jmp T_1.267;
T_1.261 ;
    %set/v v0x135bc20_0, 1, 1;
    %jmp T_1.267;
T_1.262 ;
    %set/v v0x135bc20_0, 1, 1;
    %jmp T_1.267;
T_1.263 ;
    %set/v v0x135bc20_0, 1, 1;
    %jmp T_1.267;
T_1.264 ;
    %set/v v0x135bc20_0, 1, 1;
    %jmp T_1.267;
T_1.265 ;
    %set/v v0x135bc20_0, 1, 1;
    %jmp T_1.267;
T_1.267 ;
    %load/v 8, v0x135bb40_0, 6;
    %cmpi/u 8, 0, 6;
    %jmp/1 T_1.268, 6;
    %cmpi/u 8, 2, 6;
    %jmp/1 T_1.269, 6;
    %cmpi/u 8, 6, 6;
    %jmp/1 T_1.270, 6;
    %cmpi/u 8, 8, 6;
    %jmp/1 T_1.271, 6;
    %cmpi/u 8, 10, 6;
    %jmp/1 T_1.272, 6;
    %cmpi/u 8, 12, 6;
    %jmp/1 T_1.273, 6;
    %cmpi/u 8, 14, 6;
    %jmp/1 T_1.274, 6;
    %cmpi/u 8, 16, 6;
    %jmp/1 T_1.275, 6;
    %cmpi/u 8, 18, 6;
    %jmp/1 T_1.276, 6;
    %cmpi/u 8, 20, 6;
    %jmp/1 T_1.277, 6;
    %cmpi/u 8, 22, 6;
    %jmp/1 T_1.278, 6;
    %cmpi/u 8, 23, 6;
    %jmp/1 T_1.279, 6;
    %set/v v0x135bd30_0, 0, 1;
    %jmp T_1.281;
T_1.268 ;
    %set/v v0x135bd30_0, 1, 1;
    %jmp T_1.281;
T_1.269 ;
    %set/v v0x135bd30_0, 1, 1;
    %jmp T_1.281;
T_1.270 ;
    %set/v v0x135bd30_0, 1, 1;
    %jmp T_1.281;
T_1.271 ;
    %set/v v0x135bd30_0, 1, 1;
    %jmp T_1.281;
T_1.272 ;
    %set/v v0x135bd30_0, 1, 1;
    %jmp T_1.281;
T_1.273 ;
    %set/v v0x135bd30_0, 1, 1;
    %jmp T_1.281;
T_1.274 ;
    %set/v v0x135bd30_0, 1, 1;
    %jmp T_1.281;
T_1.275 ;
    %set/v v0x135bd30_0, 1, 1;
    %jmp T_1.281;
T_1.276 ;
    %set/v v0x135bd30_0, 1, 1;
    %jmp T_1.281;
T_1.277 ;
    %set/v v0x135bd30_0, 1, 1;
    %jmp T_1.281;
T_1.278 ;
    %set/v v0x135bd30_0, 1, 1;
    %jmp T_1.281;
T_1.279 ;
    %set/v v0x135bd30_0, 1, 1;
    %jmp T_1.281;
T_1.281 ;
    %jmp T_1.29;
T_1.9 ;
    %load/v 8, v0x135b970_0, 6;
    %cmpi/u 8, 0, 6;
    %jmp/1 T_1.282, 6;
    %cmpi/u 8, 2, 6;
    %jmp/1 T_1.283, 6;
    %cmpi/u 8, 6, 6;
    %jmp/1 T_1.284, 6;
    %cmpi/u 8, 8, 6;
    %jmp/1 T_1.285, 6;
    %cmpi/u 8, 10, 6;
    %jmp/1 T_1.286, 6;
    %cmpi/u 8, 12, 6;
    %jmp/1 T_1.287, 6;
    %cmpi/u 8, 14, 6;
    %jmp/1 T_1.288, 6;
    %cmpi/u 8, 16, 6;
    %jmp/1 T_1.289, 6;
    %cmpi/u 8, 18, 6;
    %jmp/1 T_1.290, 6;
    %cmpi/u 8, 20, 6;
    %jmp/1 T_1.291, 6;
    %cmpi/u 8, 22, 6;
    %jmp/1 T_1.292, 6;
    %cmpi/u 8, 23, 6;
    %jmp/1 T_1.293, 6;
    %set/v v0x135bc20_0, 0, 1;
    %jmp T_1.295;
T_1.282 ;
    %set/v v0x135bc20_0, 1, 1;
    %jmp T_1.295;
T_1.283 ;
    %set/v v0x135bc20_0, 1, 1;
    %jmp T_1.295;
T_1.284 ;
    %set/v v0x135bc20_0, 1, 1;
    %jmp T_1.295;
T_1.285 ;
    %set/v v0x135bc20_0, 1, 1;
    %jmp T_1.295;
T_1.286 ;
    %set/v v0x135bc20_0, 1, 1;
    %jmp T_1.295;
T_1.287 ;
    %set/v v0x135bc20_0, 1, 1;
    %jmp T_1.295;
T_1.288 ;
    %set/v v0x135bc20_0, 1, 1;
    %jmp T_1.295;
T_1.289 ;
    %set/v v0x135bc20_0, 1, 1;
    %jmp T_1.295;
T_1.290 ;
    %set/v v0x135bc20_0, 1, 1;
    %jmp T_1.295;
T_1.291 ;
    %set/v v0x135bc20_0, 1, 1;
    %jmp T_1.295;
T_1.292 ;
    %set/v v0x135bc20_0, 1, 1;
    %jmp T_1.295;
T_1.293 ;
    %set/v v0x135bc20_0, 1, 1;
    %jmp T_1.295;
T_1.295 ;
    %load/v 8, v0x135bb40_0, 6;
    %cmpi/u 8, 0, 6;
    %jmp/1 T_1.296, 6;
    %cmpi/u 8, 2, 6;
    %jmp/1 T_1.297, 6;
    %cmpi/u 8, 6, 6;
    %jmp/1 T_1.298, 6;
    %cmpi/u 8, 8, 6;
    %jmp/1 T_1.299, 6;
    %cmpi/u 8, 10, 6;
    %jmp/1 T_1.300, 6;
    %cmpi/u 8, 12, 6;
    %jmp/1 T_1.301, 6;
    %cmpi/u 8, 14, 6;
    %jmp/1 T_1.302, 6;
    %cmpi/u 8, 16, 6;
    %jmp/1 T_1.303, 6;
    %cmpi/u 8, 18, 6;
    %jmp/1 T_1.304, 6;
    %cmpi/u 8, 20, 6;
    %jmp/1 T_1.305, 6;
    %cmpi/u 8, 22, 6;
    %jmp/1 T_1.306, 6;
    %cmpi/u 8, 23, 6;
    %jmp/1 T_1.307, 6;
    %set/v v0x135bd30_0, 0, 1;
    %jmp T_1.309;
T_1.296 ;
    %set/v v0x135bd30_0, 1, 1;
    %jmp T_1.309;
T_1.297 ;
    %set/v v0x135bd30_0, 1, 1;
    %jmp T_1.309;
T_1.298 ;
    %set/v v0x135bd30_0, 1, 1;
    %jmp T_1.309;
T_1.299 ;
    %set/v v0x135bd30_0, 1, 1;
    %jmp T_1.309;
T_1.300 ;
    %set/v v0x135bd30_0, 1, 1;
    %jmp T_1.309;
T_1.301 ;
    %set/v v0x135bd30_0, 1, 1;
    %jmp T_1.309;
T_1.302 ;
    %set/v v0x135bd30_0, 1, 1;
    %jmp T_1.309;
T_1.303 ;
    %set/v v0x135bd30_0, 1, 1;
    %jmp T_1.309;
T_1.304 ;
    %set/v v0x135bd30_0, 1, 1;
    %jmp T_1.309;
T_1.305 ;
    %set/v v0x135bd30_0, 1, 1;
    %jmp T_1.309;
T_1.306 ;
    %set/v v0x135bd30_0, 1, 1;
    %jmp T_1.309;
T_1.307 ;
    %set/v v0x135bd30_0, 1, 1;
    %jmp T_1.309;
T_1.309 ;
    %jmp T_1.29;
T_1.10 ;
    %load/v 8, v0x135b970_0, 6;
    %cmpi/u 8, 0, 6;
    %jmp/1 T_1.310, 6;
    %cmpi/u 8, 2, 6;
    %jmp/1 T_1.311, 6;
    %cmpi/u 8, 6, 6;
    %jmp/1 T_1.312, 6;
    %cmpi/u 8, 8, 6;
    %jmp/1 T_1.313, 6;
    %cmpi/u 8, 10, 6;
    %jmp/1 T_1.314, 6;
    %cmpi/u 8, 12, 6;
    %jmp/1 T_1.315, 6;
    %cmpi/u 8, 14, 6;
    %jmp/1 T_1.316, 6;
    %cmpi/u 8, 16, 6;
    %jmp/1 T_1.317, 6;
    %cmpi/u 8, 18, 6;
    %jmp/1 T_1.318, 6;
    %cmpi/u 8, 20, 6;
    %jmp/1 T_1.319, 6;
    %cmpi/u 8, 22, 6;
    %jmp/1 T_1.320, 6;
    %cmpi/u 8, 23, 6;
    %jmp/1 T_1.321, 6;
    %set/v v0x135bc20_0, 0, 1;
    %jmp T_1.323;
T_1.310 ;
    %set/v v0x135bc20_0, 1, 1;
    %jmp T_1.323;
T_1.311 ;
    %set/v v0x135bc20_0, 1, 1;
    %jmp T_1.323;
T_1.312 ;
    %set/v v0x135bc20_0, 1, 1;
    %jmp T_1.323;
T_1.313 ;
    %set/v v0x135bc20_0, 1, 1;
    %jmp T_1.323;
T_1.314 ;
    %set/v v0x135bc20_0, 1, 1;
    %jmp T_1.323;
T_1.315 ;
    %set/v v0x135bc20_0, 1, 1;
    %jmp T_1.323;
T_1.316 ;
    %set/v v0x135bc20_0, 1, 1;
    %jmp T_1.323;
T_1.317 ;
    %set/v v0x135bc20_0, 1, 1;
    %jmp T_1.323;
T_1.318 ;
    %set/v v0x135bc20_0, 1, 1;
    %jmp T_1.323;
T_1.319 ;
    %set/v v0x135bc20_0, 1, 1;
    %jmp T_1.323;
T_1.320 ;
    %set/v v0x135bc20_0, 1, 1;
    %jmp T_1.323;
T_1.321 ;
    %set/v v0x135bc20_0, 1, 1;
    %jmp T_1.323;
T_1.323 ;
    %load/v 8, v0x135bb40_0, 6;
    %cmpi/u 8, 0, 6;
    %jmp/1 T_1.324, 6;
    %cmpi/u 8, 2, 6;
    %jmp/1 T_1.325, 6;
    %cmpi/u 8, 6, 6;
    %jmp/1 T_1.326, 6;
    %cmpi/u 8, 8, 6;
    %jmp/1 T_1.327, 6;
    %cmpi/u 8, 10, 6;
    %jmp/1 T_1.328, 6;
    %cmpi/u 8, 12, 6;
    %jmp/1 T_1.329, 6;
    %cmpi/u 8, 14, 6;
    %jmp/1 T_1.330, 6;
    %cmpi/u 8, 16, 6;
    %jmp/1 T_1.331, 6;
    %cmpi/u 8, 18, 6;
    %jmp/1 T_1.332, 6;
    %cmpi/u 8, 20, 6;
    %jmp/1 T_1.333, 6;
    %cmpi/u 8, 22, 6;
    %jmp/1 T_1.334, 6;
    %cmpi/u 8, 23, 6;
    %jmp/1 T_1.335, 6;
    %set/v v0x135bd30_0, 0, 1;
    %jmp T_1.337;
T_1.324 ;
    %set/v v0x135bd30_0, 1, 1;
    %jmp T_1.337;
T_1.325 ;
    %set/v v0x135bd30_0, 1, 1;
    %jmp T_1.337;
T_1.326 ;
    %set/v v0x135bd30_0, 1, 1;
    %jmp T_1.337;
T_1.327 ;
    %set/v v0x135bd30_0, 1, 1;
    %jmp T_1.337;
T_1.328 ;
    %set/v v0x135bd30_0, 1, 1;
    %jmp T_1.337;
T_1.329 ;
    %set/v v0x135bd30_0, 1, 1;
    %jmp T_1.337;
T_1.330 ;
    %set/v v0x135bd30_0, 1, 1;
    %jmp T_1.337;
T_1.331 ;
    %set/v v0x135bd30_0, 1, 1;
    %jmp T_1.337;
T_1.332 ;
    %set/v v0x135bd30_0, 1, 1;
    %jmp T_1.337;
T_1.333 ;
    %set/v v0x135bd30_0, 1, 1;
    %jmp T_1.337;
T_1.334 ;
    %set/v v0x135bd30_0, 1, 1;
    %jmp T_1.337;
T_1.335 ;
    %set/v v0x135bd30_0, 1, 1;
    %jmp T_1.337;
T_1.337 ;
    %jmp T_1.29;
T_1.11 ;
    %load/v 8, v0x135b970_0, 6;
    %cmpi/u 8, 0, 6;
    %jmp/1 T_1.338, 6;
    %cmpi/u 8, 2, 6;
    %jmp/1 T_1.339, 6;
    %cmpi/u 8, 6, 6;
    %jmp/1 T_1.340, 6;
    %cmpi/u 8, 8, 6;
    %jmp/1 T_1.341, 6;
    %cmpi/u 8, 10, 6;
    %jmp/1 T_1.342, 6;
    %cmpi/u 8, 12, 6;
    %jmp/1 T_1.343, 6;
    %cmpi/u 8, 14, 6;
    %jmp/1 T_1.344, 6;
    %cmpi/u 8, 16, 6;
    %jmp/1 T_1.345, 6;
    %cmpi/u 8, 18, 6;
    %jmp/1 T_1.346, 6;
    %cmpi/u 8, 20, 6;
    %jmp/1 T_1.347, 6;
    %cmpi/u 8, 22, 6;
    %jmp/1 T_1.348, 6;
    %cmpi/u 8, 23, 6;
    %jmp/1 T_1.349, 6;
    %set/v v0x135bc20_0, 0, 1;
    %jmp T_1.351;
T_1.338 ;
    %set/v v0x135bc20_0, 1, 1;
    %jmp T_1.351;
T_1.339 ;
    %set/v v0x135bc20_0, 1, 1;
    %jmp T_1.351;
T_1.340 ;
    %set/v v0x135bc20_0, 1, 1;
    %jmp T_1.351;
T_1.341 ;
    %set/v v0x135bc20_0, 1, 1;
    %jmp T_1.351;
T_1.342 ;
    %set/v v0x135bc20_0, 1, 1;
    %jmp T_1.351;
T_1.343 ;
    %set/v v0x135bc20_0, 1, 1;
    %jmp T_1.351;
T_1.344 ;
    %set/v v0x135bc20_0, 1, 1;
    %jmp T_1.351;
T_1.345 ;
    %set/v v0x135bc20_0, 1, 1;
    %jmp T_1.351;
T_1.346 ;
    %set/v v0x135bc20_0, 1, 1;
    %jmp T_1.351;
T_1.347 ;
    %set/v v0x135bc20_0, 1, 1;
    %jmp T_1.351;
T_1.348 ;
    %set/v v0x135bc20_0, 1, 1;
    %jmp T_1.351;
T_1.349 ;
    %set/v v0x135bc20_0, 1, 1;
    %jmp T_1.351;
T_1.351 ;
    %load/v 8, v0x135bb40_0, 6;
    %cmpi/u 8, 0, 6;
    %jmp/1 T_1.352, 6;
    %cmpi/u 8, 2, 6;
    %jmp/1 T_1.353, 6;
    %cmpi/u 8, 6, 6;
    %jmp/1 T_1.354, 6;
    %cmpi/u 8, 8, 6;
    %jmp/1 T_1.355, 6;
    %cmpi/u 8, 10, 6;
    %jmp/1 T_1.356, 6;
    %cmpi/u 8, 12, 6;
    %jmp/1 T_1.357, 6;
    %cmpi/u 8, 14, 6;
    %jmp/1 T_1.358, 6;
    %cmpi/u 8, 16, 6;
    %jmp/1 T_1.359, 6;
    %cmpi/u 8, 18, 6;
    %jmp/1 T_1.360, 6;
    %cmpi/u 8, 20, 6;
    %jmp/1 T_1.361, 6;
    %cmpi/u 8, 22, 6;
    %jmp/1 T_1.362, 6;
    %cmpi/u 8, 23, 6;
    %jmp/1 T_1.363, 6;
    %set/v v0x135bd30_0, 0, 1;
    %jmp T_1.365;
T_1.352 ;
    %set/v v0x135bd30_0, 1, 1;
    %jmp T_1.365;
T_1.353 ;
    %set/v v0x135bd30_0, 1, 1;
    %jmp T_1.365;
T_1.354 ;
    %set/v v0x135bd30_0, 1, 1;
    %jmp T_1.365;
T_1.355 ;
    %set/v v0x135bd30_0, 1, 1;
    %jmp T_1.365;
T_1.356 ;
    %set/v v0x135bd30_0, 1, 1;
    %jmp T_1.365;
T_1.357 ;
    %set/v v0x135bd30_0, 1, 1;
    %jmp T_1.365;
T_1.358 ;
    %set/v v0x135bd30_0, 1, 1;
    %jmp T_1.365;
T_1.359 ;
    %set/v v0x135bd30_0, 1, 1;
    %jmp T_1.365;
T_1.360 ;
    %set/v v0x135bd30_0, 1, 1;
    %jmp T_1.365;
T_1.361 ;
    %set/v v0x135bd30_0, 1, 1;
    %jmp T_1.365;
T_1.362 ;
    %set/v v0x135bd30_0, 1, 1;
    %jmp T_1.365;
T_1.363 ;
    %set/v v0x135bd30_0, 1, 1;
    %jmp T_1.365;
T_1.365 ;
    %jmp T_1.29;
T_1.12 ;
    %load/v 8, v0x135b970_0, 6;
    %cmpi/u 8, 0, 6;
    %jmp/1 T_1.366, 6;
    %cmpi/u 8, 2, 6;
    %jmp/1 T_1.367, 6;
    %cmpi/u 8, 6, 6;
    %jmp/1 T_1.368, 6;
    %cmpi/u 8, 8, 6;
    %jmp/1 T_1.369, 6;
    %cmpi/u 8, 10, 6;
    %jmp/1 T_1.370, 6;
    %cmpi/u 8, 12, 6;
    %jmp/1 T_1.371, 6;
    %cmpi/u 8, 14, 6;
    %jmp/1 T_1.372, 6;
    %cmpi/u 8, 16, 6;
    %jmp/1 T_1.373, 6;
    %cmpi/u 8, 18, 6;
    %jmp/1 T_1.374, 6;
    %cmpi/u 8, 20, 6;
    %jmp/1 T_1.375, 6;
    %cmpi/u 8, 22, 6;
    %jmp/1 T_1.376, 6;
    %cmpi/u 8, 23, 6;
    %jmp/1 T_1.377, 6;
    %set/v v0x135bc20_0, 0, 1;
    %jmp T_1.379;
T_1.366 ;
    %set/v v0x135bc20_0, 1, 1;
    %jmp T_1.379;
T_1.367 ;
    %set/v v0x135bc20_0, 1, 1;
    %jmp T_1.379;
T_1.368 ;
    %set/v v0x135bc20_0, 1, 1;
    %jmp T_1.379;
T_1.369 ;
    %set/v v0x135bc20_0, 1, 1;
    %jmp T_1.379;
T_1.370 ;
    %set/v v0x135bc20_0, 1, 1;
    %jmp T_1.379;
T_1.371 ;
    %set/v v0x135bc20_0, 1, 1;
    %jmp T_1.379;
T_1.372 ;
    %set/v v0x135bc20_0, 1, 1;
    %jmp T_1.379;
T_1.373 ;
    %set/v v0x135bc20_0, 1, 1;
    %jmp T_1.379;
T_1.374 ;
    %set/v v0x135bc20_0, 1, 1;
    %jmp T_1.379;
T_1.375 ;
    %set/v v0x135bc20_0, 1, 1;
    %jmp T_1.379;
T_1.376 ;
    %set/v v0x135bc20_0, 1, 1;
    %jmp T_1.379;
T_1.377 ;
    %set/v v0x135bc20_0, 1, 1;
    %jmp T_1.379;
T_1.379 ;
    %load/v 8, v0x135bb40_0, 6;
    %cmpi/u 8, 0, 6;
    %jmp/1 T_1.380, 6;
    %cmpi/u 8, 2, 6;
    %jmp/1 T_1.381, 6;
    %cmpi/u 8, 6, 6;
    %jmp/1 T_1.382, 6;
    %cmpi/u 8, 8, 6;
    %jmp/1 T_1.383, 6;
    %cmpi/u 8, 10, 6;
    %jmp/1 T_1.384, 6;
    %cmpi/u 8, 12, 6;
    %jmp/1 T_1.385, 6;
    %cmpi/u 8, 14, 6;
    %jmp/1 T_1.386, 6;
    %cmpi/u 8, 16, 6;
    %jmp/1 T_1.387, 6;
    %cmpi/u 8, 18, 6;
    %jmp/1 T_1.388, 6;
    %cmpi/u 8, 20, 6;
    %jmp/1 T_1.389, 6;
    %cmpi/u 8, 22, 6;
    %jmp/1 T_1.390, 6;
    %cmpi/u 8, 23, 6;
    %jmp/1 T_1.391, 6;
    %set/v v0x135bd30_0, 0, 1;
    %jmp T_1.393;
T_1.380 ;
    %set/v v0x135bd30_0, 1, 1;
    %jmp T_1.393;
T_1.381 ;
    %set/v v0x135bd30_0, 1, 1;
    %jmp T_1.393;
T_1.382 ;
    %set/v v0x135bd30_0, 1, 1;
    %jmp T_1.393;
T_1.383 ;
    %set/v v0x135bd30_0, 1, 1;
    %jmp T_1.393;
T_1.384 ;
    %set/v v0x135bd30_0, 1, 1;
    %jmp T_1.393;
T_1.385 ;
    %set/v v0x135bd30_0, 1, 1;
    %jmp T_1.393;
T_1.386 ;
    %set/v v0x135bd30_0, 1, 1;
    %jmp T_1.393;
T_1.387 ;
    %set/v v0x135bd30_0, 1, 1;
    %jmp T_1.393;
T_1.388 ;
    %set/v v0x135bd30_0, 1, 1;
    %jmp T_1.393;
T_1.389 ;
    %set/v v0x135bd30_0, 1, 1;
    %jmp T_1.393;
T_1.390 ;
    %set/v v0x135bd30_0, 1, 1;
    %jmp T_1.393;
T_1.391 ;
    %set/v v0x135bd30_0, 1, 1;
    %jmp T_1.393;
T_1.393 ;
    %jmp T_1.29;
T_1.13 ;
    %load/v 8, v0x135b970_0, 6;
    %cmpi/u 8, 0, 6;
    %jmp/1 T_1.394, 6;
    %cmpi/u 8, 2, 6;
    %jmp/1 T_1.395, 6;
    %cmpi/u 8, 6, 6;
    %jmp/1 T_1.396, 6;
    %cmpi/u 8, 8, 6;
    %jmp/1 T_1.397, 6;
    %cmpi/u 8, 10, 6;
    %jmp/1 T_1.398, 6;
    %cmpi/u 8, 12, 6;
    %jmp/1 T_1.399, 6;
    %cmpi/u 8, 14, 6;
    %jmp/1 T_1.400, 6;
    %cmpi/u 8, 16, 6;
    %jmp/1 T_1.401, 6;
    %cmpi/u 8, 18, 6;
    %jmp/1 T_1.402, 6;
    %cmpi/u 8, 20, 6;
    %jmp/1 T_1.403, 6;
    %cmpi/u 8, 22, 6;
    %jmp/1 T_1.404, 6;
    %cmpi/u 8, 23, 6;
    %jmp/1 T_1.405, 6;
    %set/v v0x135bc20_0, 0, 1;
    %jmp T_1.407;
T_1.394 ;
    %set/v v0x135bc20_0, 1, 1;
    %jmp T_1.407;
T_1.395 ;
    %set/v v0x135bc20_0, 1, 1;
    %jmp T_1.407;
T_1.396 ;
    %set/v v0x135bc20_0, 1, 1;
    %jmp T_1.407;
T_1.397 ;
    %set/v v0x135bc20_0, 1, 1;
    %jmp T_1.407;
T_1.398 ;
    %set/v v0x135bc20_0, 1, 1;
    %jmp T_1.407;
T_1.399 ;
    %set/v v0x135bc20_0, 1, 1;
    %jmp T_1.407;
T_1.400 ;
    %set/v v0x135bc20_0, 1, 1;
    %jmp T_1.407;
T_1.401 ;
    %set/v v0x135bc20_0, 1, 1;
    %jmp T_1.407;
T_1.402 ;
    %set/v v0x135bc20_0, 1, 1;
    %jmp T_1.407;
T_1.403 ;
    %set/v v0x135bc20_0, 1, 1;
    %jmp T_1.407;
T_1.404 ;
    %set/v v0x135bc20_0, 1, 1;
    %jmp T_1.407;
T_1.405 ;
    %set/v v0x135bc20_0, 1, 1;
    %jmp T_1.407;
T_1.407 ;
    %load/v 8, v0x135bb40_0, 6;
    %cmpi/u 8, 0, 6;
    %jmp/1 T_1.408, 6;
    %cmpi/u 8, 2, 6;
    %jmp/1 T_1.409, 6;
    %cmpi/u 8, 6, 6;
    %jmp/1 T_1.410, 6;
    %cmpi/u 8, 8, 6;
    %jmp/1 T_1.411, 6;
    %cmpi/u 8, 10, 6;
    %jmp/1 T_1.412, 6;
    %cmpi/u 8, 12, 6;
    %jmp/1 T_1.413, 6;
    %cmpi/u 8, 14, 6;
    %jmp/1 T_1.414, 6;
    %cmpi/u 8, 16, 6;
    %jmp/1 T_1.415, 6;
    %cmpi/u 8, 18, 6;
    %jmp/1 T_1.416, 6;
    %cmpi/u 8, 20, 6;
    %jmp/1 T_1.417, 6;
    %cmpi/u 8, 22, 6;
    %jmp/1 T_1.418, 6;
    %cmpi/u 8, 23, 6;
    %jmp/1 T_1.419, 6;
    %set/v v0x135bd30_0, 0, 1;
    %jmp T_1.421;
T_1.408 ;
    %set/v v0x135bd30_0, 1, 1;
    %jmp T_1.421;
T_1.409 ;
    %set/v v0x135bd30_0, 1, 1;
    %jmp T_1.421;
T_1.410 ;
    %set/v v0x135bd30_0, 1, 1;
    %jmp T_1.421;
T_1.411 ;
    %set/v v0x135bd30_0, 1, 1;
    %jmp T_1.421;
T_1.412 ;
    %set/v v0x135bd30_0, 1, 1;
    %jmp T_1.421;
T_1.413 ;
    %set/v v0x135bd30_0, 1, 1;
    %jmp T_1.421;
T_1.414 ;
    %set/v v0x135bd30_0, 1, 1;
    %jmp T_1.421;
T_1.415 ;
    %set/v v0x135bd30_0, 1, 1;
    %jmp T_1.421;
T_1.416 ;
    %set/v v0x135bd30_0, 1, 1;
    %jmp T_1.421;
T_1.417 ;
    %set/v v0x135bd30_0, 1, 1;
    %jmp T_1.421;
T_1.418 ;
    %set/v v0x135bd30_0, 1, 1;
    %jmp T_1.421;
T_1.419 ;
    %set/v v0x135bd30_0, 1, 1;
    %jmp T_1.421;
T_1.421 ;
    %jmp T_1.29;
T_1.14 ;
    %load/v 8, v0x135b970_0, 6;
    %cmpi/u 8, 0, 6;
    %jmp/1 T_1.422, 6;
    %cmpi/u 8, 2, 6;
    %jmp/1 T_1.423, 6;
    %cmpi/u 8, 6, 6;
    %jmp/1 T_1.424, 6;
    %cmpi/u 8, 8, 6;
    %jmp/1 T_1.425, 6;
    %cmpi/u 8, 10, 6;
    %jmp/1 T_1.426, 6;
    %cmpi/u 8, 12, 6;
    %jmp/1 T_1.427, 6;
    %cmpi/u 8, 14, 6;
    %jmp/1 T_1.428, 6;
    %cmpi/u 8, 16, 6;
    %jmp/1 T_1.429, 6;
    %cmpi/u 8, 18, 6;
    %jmp/1 T_1.430, 6;
    %cmpi/u 8, 20, 6;
    %jmp/1 T_1.431, 6;
    %cmpi/u 8, 22, 6;
    %jmp/1 T_1.432, 6;
    %cmpi/u 8, 23, 6;
    %jmp/1 T_1.433, 6;
    %set/v v0x135bc20_0, 0, 1;
    %jmp T_1.435;
T_1.422 ;
    %set/v v0x135bc20_0, 1, 1;
    %jmp T_1.435;
T_1.423 ;
    %set/v v0x135bc20_0, 1, 1;
    %jmp T_1.435;
T_1.424 ;
    %set/v v0x135bc20_0, 1, 1;
    %jmp T_1.435;
T_1.425 ;
    %set/v v0x135bc20_0, 1, 1;
    %jmp T_1.435;
T_1.426 ;
    %set/v v0x135bc20_0, 1, 1;
    %jmp T_1.435;
T_1.427 ;
    %set/v v0x135bc20_0, 1, 1;
    %jmp T_1.435;
T_1.428 ;
    %set/v v0x135bc20_0, 1, 1;
    %jmp T_1.435;
T_1.429 ;
    %set/v v0x135bc20_0, 1, 1;
    %jmp T_1.435;
T_1.430 ;
    %set/v v0x135bc20_0, 1, 1;
    %jmp T_1.435;
T_1.431 ;
    %set/v v0x135bc20_0, 1, 1;
    %jmp T_1.435;
T_1.432 ;
    %set/v v0x135bc20_0, 1, 1;
    %jmp T_1.435;
T_1.433 ;
    %set/v v0x135bc20_0, 1, 1;
    %jmp T_1.435;
T_1.435 ;
    %load/v 8, v0x135bb40_0, 6;
    %cmpi/u 8, 0, 6;
    %jmp/1 T_1.436, 6;
    %cmpi/u 8, 2, 6;
    %jmp/1 T_1.437, 6;
    %cmpi/u 8, 6, 6;
    %jmp/1 T_1.438, 6;
    %cmpi/u 8, 8, 6;
    %jmp/1 T_1.439, 6;
    %cmpi/u 8, 10, 6;
    %jmp/1 T_1.440, 6;
    %cmpi/u 8, 12, 6;
    %jmp/1 T_1.441, 6;
    %cmpi/u 8, 14, 6;
    %jmp/1 T_1.442, 6;
    %cmpi/u 8, 16, 6;
    %jmp/1 T_1.443, 6;
    %cmpi/u 8, 18, 6;
    %jmp/1 T_1.444, 6;
    %cmpi/u 8, 20, 6;
    %jmp/1 T_1.445, 6;
    %cmpi/u 8, 22, 6;
    %jmp/1 T_1.446, 6;
    %cmpi/u 8, 23, 6;
    %jmp/1 T_1.447, 6;
    %set/v v0x135bd30_0, 0, 1;
    %jmp T_1.449;
T_1.436 ;
    %set/v v0x135bd30_0, 1, 1;
    %jmp T_1.449;
T_1.437 ;
    %set/v v0x135bd30_0, 1, 1;
    %jmp T_1.449;
T_1.438 ;
    %set/v v0x135bd30_0, 1, 1;
    %jmp T_1.449;
T_1.439 ;
    %set/v v0x135bd30_0, 1, 1;
    %jmp T_1.449;
T_1.440 ;
    %set/v v0x135bd30_0, 1, 1;
    %jmp T_1.449;
T_1.441 ;
    %set/v v0x135bd30_0, 1, 1;
    %jmp T_1.449;
T_1.442 ;
    %set/v v0x135bd30_0, 1, 1;
    %jmp T_1.449;
T_1.443 ;
    %set/v v0x135bd30_0, 1, 1;
    %jmp T_1.449;
T_1.444 ;
    %set/v v0x135bd30_0, 1, 1;
    %jmp T_1.449;
T_1.445 ;
    %set/v v0x135bd30_0, 1, 1;
    %jmp T_1.449;
T_1.446 ;
    %set/v v0x135bd30_0, 1, 1;
    %jmp T_1.449;
T_1.447 ;
    %set/v v0x135bd30_0, 1, 1;
    %jmp T_1.449;
T_1.449 ;
    %jmp T_1.29;
T_1.15 ;
    %load/v 8, v0x135b970_0, 6;
    %cmpi/u 8, 1, 6;
    %jmp/1 T_1.450, 6;
    %cmpi/u 8, 3, 6;
    %jmp/1 T_1.451, 6;
    %cmpi/u 8, 7, 6;
    %jmp/1 T_1.452, 6;
    %cmpi/u 8, 9, 6;
    %jmp/1 T_1.453, 6;
    %cmpi/u 8, 11, 6;
    %jmp/1 T_1.454, 6;
    %cmpi/u 8, 13, 6;
    %jmp/1 T_1.455, 6;
    %cmpi/u 8, 15, 6;
    %jmp/1 T_1.456, 6;
    %cmpi/u 8, 17, 6;
    %jmp/1 T_1.457, 6;
    %cmpi/u 8, 19, 6;
    %jmp/1 T_1.458, 6;
    %cmpi/u 8, 21, 6;
    %jmp/1 T_1.459, 6;
    %set/v v0x135bdf0_0, 0, 1;
    %jmp T_1.461;
T_1.450 ;
    %set/v v0x135bdf0_0, 1, 1;
    %jmp T_1.461;
T_1.451 ;
    %set/v v0x135bdf0_0, 1, 1;
    %jmp T_1.461;
T_1.452 ;
    %set/v v0x135bdf0_0, 1, 1;
    %jmp T_1.461;
T_1.453 ;
    %set/v v0x135bdf0_0, 1, 1;
    %jmp T_1.461;
T_1.454 ;
    %set/v v0x135bdf0_0, 1, 1;
    %jmp T_1.461;
T_1.455 ;
    %set/v v0x135bdf0_0, 1, 1;
    %jmp T_1.461;
T_1.456 ;
    %set/v v0x135bdf0_0, 1, 1;
    %jmp T_1.461;
T_1.457 ;
    %set/v v0x135bdf0_0, 1, 1;
    %jmp T_1.461;
T_1.458 ;
    %set/v v0x135bdf0_0, 1, 1;
    %jmp T_1.461;
T_1.459 ;
    %set/v v0x135bdf0_0, 1, 1;
    %jmp T_1.461;
T_1.461 ;
    %load/v 8, v0x135bb40_0, 6;
    %cmpi/u 8, 1, 6;
    %jmp/1 T_1.462, 6;
    %cmpi/u 8, 3, 6;
    %jmp/1 T_1.463, 6;
    %cmpi/u 8, 7, 6;
    %jmp/1 T_1.464, 6;
    %cmpi/u 8, 9, 6;
    %jmp/1 T_1.465, 6;
    %cmpi/u 8, 11, 6;
    %jmp/1 T_1.466, 6;
    %cmpi/u 8, 13, 6;
    %jmp/1 T_1.467, 6;
    %cmpi/u 8, 15, 6;
    %jmp/1 T_1.468, 6;
    %cmpi/u 8, 17, 6;
    %jmp/1 T_1.469, 6;
    %cmpi/u 8, 19, 6;
    %jmp/1 T_1.470, 6;
    %cmpi/u 8, 21, 6;
    %jmp/1 T_1.471, 6;
    %set/v v0x135beb0_0, 0, 1;
    %jmp T_1.473;
T_1.462 ;
    %set/v v0x135beb0_0, 1, 1;
    %jmp T_1.473;
T_1.463 ;
    %set/v v0x135beb0_0, 1, 1;
    %jmp T_1.473;
T_1.464 ;
    %set/v v0x135beb0_0, 1, 1;
    %jmp T_1.473;
T_1.465 ;
    %set/v v0x135beb0_0, 1, 1;
    %jmp T_1.473;
T_1.466 ;
    %set/v v0x135beb0_0, 1, 1;
    %jmp T_1.473;
T_1.467 ;
    %set/v v0x135beb0_0, 1, 1;
    %jmp T_1.473;
T_1.468 ;
    %set/v v0x135beb0_0, 1, 1;
    %jmp T_1.473;
T_1.469 ;
    %set/v v0x135beb0_0, 1, 1;
    %jmp T_1.473;
T_1.470 ;
    %set/v v0x135beb0_0, 1, 1;
    %jmp T_1.473;
T_1.471 ;
    %set/v v0x135beb0_0, 1, 1;
    %jmp T_1.473;
T_1.473 ;
    %jmp T_1.29;
T_1.16 ;
    %load/v 8, v0x135b970_0, 6;
    %cmpi/u 8, 1, 6;
    %jmp/1 T_1.474, 6;
    %cmpi/u 8, 3, 6;
    %jmp/1 T_1.475, 6;
    %cmpi/u 8, 7, 6;
    %jmp/1 T_1.476, 6;
    %cmpi/u 8, 9, 6;
    %jmp/1 T_1.477, 6;
    %cmpi/u 8, 11, 6;
    %jmp/1 T_1.478, 6;
    %cmpi/u 8, 13, 6;
    %jmp/1 T_1.479, 6;
    %cmpi/u 8, 15, 6;
    %jmp/1 T_1.480, 6;
    %cmpi/u 8, 17, 6;
    %jmp/1 T_1.481, 6;
    %cmpi/u 8, 19, 6;
    %jmp/1 T_1.482, 6;
    %cmpi/u 8, 21, 6;
    %jmp/1 T_1.483, 6;
    %set/v v0x135bdf0_0, 0, 1;
    %jmp T_1.485;
T_1.474 ;
    %set/v v0x135bdf0_0, 1, 1;
    %jmp T_1.485;
T_1.475 ;
    %set/v v0x135bdf0_0, 1, 1;
    %jmp T_1.485;
T_1.476 ;
    %set/v v0x135bdf0_0, 1, 1;
    %jmp T_1.485;
T_1.477 ;
    %set/v v0x135bdf0_0, 1, 1;
    %jmp T_1.485;
T_1.478 ;
    %set/v v0x135bdf0_0, 1, 1;
    %jmp T_1.485;
T_1.479 ;
    %set/v v0x135bdf0_0, 1, 1;
    %jmp T_1.485;
T_1.480 ;
    %set/v v0x135bdf0_0, 1, 1;
    %jmp T_1.485;
T_1.481 ;
    %set/v v0x135bdf0_0, 1, 1;
    %jmp T_1.485;
T_1.482 ;
    %set/v v0x135bdf0_0, 1, 1;
    %jmp T_1.485;
T_1.483 ;
    %set/v v0x135bdf0_0, 1, 1;
    %jmp T_1.485;
T_1.485 ;
    %load/v 8, v0x135bb40_0, 6;
    %cmpi/u 8, 1, 6;
    %jmp/1 T_1.486, 6;
    %cmpi/u 8, 3, 6;
    %jmp/1 T_1.487, 6;
    %cmpi/u 8, 7, 6;
    %jmp/1 T_1.488, 6;
    %cmpi/u 8, 9, 6;
    %jmp/1 T_1.489, 6;
    %cmpi/u 8, 11, 6;
    %jmp/1 T_1.490, 6;
    %cmpi/u 8, 13, 6;
    %jmp/1 T_1.491, 6;
    %cmpi/u 8, 15, 6;
    %jmp/1 T_1.492, 6;
    %cmpi/u 8, 17, 6;
    %jmp/1 T_1.493, 6;
    %cmpi/u 8, 19, 6;
    %jmp/1 T_1.494, 6;
    %cmpi/u 8, 21, 6;
    %jmp/1 T_1.495, 6;
    %set/v v0x135beb0_0, 0, 1;
    %jmp T_1.497;
T_1.486 ;
    %set/v v0x135beb0_0, 1, 1;
    %jmp T_1.497;
T_1.487 ;
    %set/v v0x135beb0_0, 1, 1;
    %jmp T_1.497;
T_1.488 ;
    %set/v v0x135beb0_0, 1, 1;
    %jmp T_1.497;
T_1.489 ;
    %set/v v0x135beb0_0, 1, 1;
    %jmp T_1.497;
T_1.490 ;
    %set/v v0x135beb0_0, 1, 1;
    %jmp T_1.497;
T_1.491 ;
    %set/v v0x135beb0_0, 1, 1;
    %jmp T_1.497;
T_1.492 ;
    %set/v v0x135beb0_0, 1, 1;
    %jmp T_1.497;
T_1.493 ;
    %set/v v0x135beb0_0, 1, 1;
    %jmp T_1.497;
T_1.494 ;
    %set/v v0x135beb0_0, 1, 1;
    %jmp T_1.497;
T_1.495 ;
    %set/v v0x135beb0_0, 1, 1;
    %jmp T_1.497;
T_1.497 ;
    %jmp T_1.29;
T_1.17 ;
    %load/v 8, v0x135b970_0, 6;
    %cmpi/u 8, 1, 6;
    %jmp/1 T_1.498, 6;
    %cmpi/u 8, 3, 6;
    %jmp/1 T_1.499, 6;
    %cmpi/u 8, 7, 6;
    %jmp/1 T_1.500, 6;
    %cmpi/u 8, 9, 6;
    %jmp/1 T_1.501, 6;
    %cmpi/u 8, 11, 6;
    %jmp/1 T_1.502, 6;
    %cmpi/u 8, 13, 6;
    %jmp/1 T_1.503, 6;
    %cmpi/u 8, 15, 6;
    %jmp/1 T_1.504, 6;
    %cmpi/u 8, 17, 6;
    %jmp/1 T_1.505, 6;
    %cmpi/u 8, 19, 6;
    %jmp/1 T_1.506, 6;
    %cmpi/u 8, 21, 6;
    %jmp/1 T_1.507, 6;
    %set/v v0x135bdf0_0, 0, 1;
    %jmp T_1.509;
T_1.498 ;
    %set/v v0x135bdf0_0, 1, 1;
    %jmp T_1.509;
T_1.499 ;
    %set/v v0x135bdf0_0, 1, 1;
    %jmp T_1.509;
T_1.500 ;
    %set/v v0x135bdf0_0, 1, 1;
    %jmp T_1.509;
T_1.501 ;
    %set/v v0x135bdf0_0, 1, 1;
    %jmp T_1.509;
T_1.502 ;
    %set/v v0x135bdf0_0, 1, 1;
    %jmp T_1.509;
T_1.503 ;
    %set/v v0x135bdf0_0, 1, 1;
    %jmp T_1.509;
T_1.504 ;
    %set/v v0x135bdf0_0, 1, 1;
    %jmp T_1.509;
T_1.505 ;
    %set/v v0x135bdf0_0, 1, 1;
    %jmp T_1.509;
T_1.506 ;
    %set/v v0x135bdf0_0, 1, 1;
    %jmp T_1.509;
T_1.507 ;
    %set/v v0x135bdf0_0, 1, 1;
    %jmp T_1.509;
T_1.509 ;
    %load/v 8, v0x135bb40_0, 6;
    %cmpi/u 8, 1, 6;
    %jmp/1 T_1.510, 6;
    %cmpi/u 8, 3, 6;
    %jmp/1 T_1.511, 6;
    %cmpi/u 8, 7, 6;
    %jmp/1 T_1.512, 6;
    %cmpi/u 8, 9, 6;
    %jmp/1 T_1.513, 6;
    %cmpi/u 8, 11, 6;
    %jmp/1 T_1.514, 6;
    %cmpi/u 8, 13, 6;
    %jmp/1 T_1.515, 6;
    %cmpi/u 8, 15, 6;
    %jmp/1 T_1.516, 6;
    %cmpi/u 8, 17, 6;
    %jmp/1 T_1.517, 6;
    %cmpi/u 8, 19, 6;
    %jmp/1 T_1.518, 6;
    %cmpi/u 8, 21, 6;
    %jmp/1 T_1.519, 6;
    %set/v v0x135beb0_0, 0, 1;
    %jmp T_1.521;
T_1.510 ;
    %set/v v0x135beb0_0, 1, 1;
    %jmp T_1.521;
T_1.511 ;
    %set/v v0x135beb0_0, 1, 1;
    %jmp T_1.521;
T_1.512 ;
    %set/v v0x135beb0_0, 1, 1;
    %jmp T_1.521;
T_1.513 ;
    %set/v v0x135beb0_0, 1, 1;
    %jmp T_1.521;
T_1.514 ;
    %set/v v0x135beb0_0, 1, 1;
    %jmp T_1.521;
T_1.515 ;
    %set/v v0x135beb0_0, 1, 1;
    %jmp T_1.521;
T_1.516 ;
    %set/v v0x135beb0_0, 1, 1;
    %jmp T_1.521;
T_1.517 ;
    %set/v v0x135beb0_0, 1, 1;
    %jmp T_1.521;
T_1.518 ;
    %set/v v0x135beb0_0, 1, 1;
    %jmp T_1.521;
T_1.519 ;
    %set/v v0x135beb0_0, 1, 1;
    %jmp T_1.521;
T_1.521 ;
    %jmp T_1.29;
T_1.18 ;
    %load/v 8, v0x135b970_0, 6;
    %cmpi/u 8, 1, 6;
    %jmp/1 T_1.522, 6;
    %cmpi/u 8, 3, 6;
    %jmp/1 T_1.523, 6;
    %cmpi/u 8, 7, 6;
    %jmp/1 T_1.524, 6;
    %cmpi/u 8, 9, 6;
    %jmp/1 T_1.525, 6;
    %cmpi/u 8, 11, 6;
    %jmp/1 T_1.526, 6;
    %cmpi/u 8, 13, 6;
    %jmp/1 T_1.527, 6;
    %cmpi/u 8, 15, 6;
    %jmp/1 T_1.528, 6;
    %cmpi/u 8, 17, 6;
    %jmp/1 T_1.529, 6;
    %cmpi/u 8, 19, 6;
    %jmp/1 T_1.530, 6;
    %cmpi/u 8, 21, 6;
    %jmp/1 T_1.531, 6;
    %set/v v0x135bdf0_0, 0, 1;
    %jmp T_1.533;
T_1.522 ;
    %set/v v0x135bdf0_0, 1, 1;
    %jmp T_1.533;
T_1.523 ;
    %set/v v0x135bdf0_0, 1, 1;
    %jmp T_1.533;
T_1.524 ;
    %set/v v0x135bdf0_0, 1, 1;
    %jmp T_1.533;
T_1.525 ;
    %set/v v0x135bdf0_0, 1, 1;
    %jmp T_1.533;
T_1.526 ;
    %set/v v0x135bdf0_0, 1, 1;
    %jmp T_1.533;
T_1.527 ;
    %set/v v0x135bdf0_0, 1, 1;
    %jmp T_1.533;
T_1.528 ;
    %set/v v0x135bdf0_0, 1, 1;
    %jmp T_1.533;
T_1.529 ;
    %set/v v0x135bdf0_0, 1, 1;
    %jmp T_1.533;
T_1.530 ;
    %set/v v0x135bdf0_0, 1, 1;
    %jmp T_1.533;
T_1.531 ;
    %set/v v0x135bdf0_0, 1, 1;
    %jmp T_1.533;
T_1.533 ;
    %load/v 8, v0x135bb40_0, 6;
    %cmpi/u 8, 1, 6;
    %jmp/1 T_1.534, 6;
    %cmpi/u 8, 3, 6;
    %jmp/1 T_1.535, 6;
    %cmpi/u 8, 7, 6;
    %jmp/1 T_1.536, 6;
    %cmpi/u 8, 9, 6;
    %jmp/1 T_1.537, 6;
    %cmpi/u 8, 11, 6;
    %jmp/1 T_1.538, 6;
    %cmpi/u 8, 13, 6;
    %jmp/1 T_1.539, 6;
    %cmpi/u 8, 15, 6;
    %jmp/1 T_1.540, 6;
    %cmpi/u 8, 17, 6;
    %jmp/1 T_1.541, 6;
    %cmpi/u 8, 19, 6;
    %jmp/1 T_1.542, 6;
    %cmpi/u 8, 21, 6;
    %jmp/1 T_1.543, 6;
    %set/v v0x135beb0_0, 0, 1;
    %jmp T_1.545;
T_1.534 ;
    %set/v v0x135beb0_0, 1, 1;
    %jmp T_1.545;
T_1.535 ;
    %set/v v0x135beb0_0, 1, 1;
    %jmp T_1.545;
T_1.536 ;
    %set/v v0x135beb0_0, 1, 1;
    %jmp T_1.545;
T_1.537 ;
    %set/v v0x135beb0_0, 1, 1;
    %jmp T_1.545;
T_1.538 ;
    %set/v v0x135beb0_0, 1, 1;
    %jmp T_1.545;
T_1.539 ;
    %set/v v0x135beb0_0, 1, 1;
    %jmp T_1.545;
T_1.540 ;
    %set/v v0x135beb0_0, 1, 1;
    %jmp T_1.545;
T_1.541 ;
    %set/v v0x135beb0_0, 1, 1;
    %jmp T_1.545;
T_1.542 ;
    %set/v v0x135beb0_0, 1, 1;
    %jmp T_1.545;
T_1.543 ;
    %set/v v0x135beb0_0, 1, 1;
    %jmp T_1.545;
T_1.545 ;
    %jmp T_1.29;
T_1.19 ;
    %load/v 8, v0x135b970_0, 6;
    %cmpi/u 8, 1, 6;
    %jmp/1 T_1.546, 6;
    %cmpi/u 8, 3, 6;
    %jmp/1 T_1.547, 6;
    %cmpi/u 8, 7, 6;
    %jmp/1 T_1.548, 6;
    %cmpi/u 8, 9, 6;
    %jmp/1 T_1.549, 6;
    %cmpi/u 8, 11, 6;
    %jmp/1 T_1.550, 6;
    %cmpi/u 8, 13, 6;
    %jmp/1 T_1.551, 6;
    %cmpi/u 8, 15, 6;
    %jmp/1 T_1.552, 6;
    %cmpi/u 8, 17, 6;
    %jmp/1 T_1.553, 6;
    %cmpi/u 8, 19, 6;
    %jmp/1 T_1.554, 6;
    %cmpi/u 8, 21, 6;
    %jmp/1 T_1.555, 6;
    %set/v v0x135bdf0_0, 0, 1;
    %jmp T_1.557;
T_1.546 ;
    %set/v v0x135bdf0_0, 1, 1;
    %jmp T_1.557;
T_1.547 ;
    %set/v v0x135bdf0_0, 1, 1;
    %jmp T_1.557;
T_1.548 ;
    %set/v v0x135bdf0_0, 1, 1;
    %jmp T_1.557;
T_1.549 ;
    %set/v v0x135bdf0_0, 1, 1;
    %jmp T_1.557;
T_1.550 ;
    %set/v v0x135bdf0_0, 1, 1;
    %jmp T_1.557;
T_1.551 ;
    %set/v v0x135bdf0_0, 1, 1;
    %jmp T_1.557;
T_1.552 ;
    %set/v v0x135bdf0_0, 1, 1;
    %jmp T_1.557;
T_1.553 ;
    %set/v v0x135bdf0_0, 1, 1;
    %jmp T_1.557;
T_1.554 ;
    %set/v v0x135bdf0_0, 1, 1;
    %jmp T_1.557;
T_1.555 ;
    %set/v v0x135bdf0_0, 1, 1;
    %jmp T_1.557;
T_1.557 ;
    %load/v 8, v0x135bb40_0, 6;
    %cmpi/u 8, 1, 6;
    %jmp/1 T_1.558, 6;
    %cmpi/u 8, 3, 6;
    %jmp/1 T_1.559, 6;
    %cmpi/u 8, 7, 6;
    %jmp/1 T_1.560, 6;
    %cmpi/u 8, 9, 6;
    %jmp/1 T_1.561, 6;
    %cmpi/u 8, 11, 6;
    %jmp/1 T_1.562, 6;
    %cmpi/u 8, 13, 6;
    %jmp/1 T_1.563, 6;
    %cmpi/u 8, 15, 6;
    %jmp/1 T_1.564, 6;
    %cmpi/u 8, 17, 6;
    %jmp/1 T_1.565, 6;
    %cmpi/u 8, 19, 6;
    %jmp/1 T_1.566, 6;
    %cmpi/u 8, 21, 6;
    %jmp/1 T_1.567, 6;
    %set/v v0x135beb0_0, 0, 1;
    %jmp T_1.569;
T_1.558 ;
    %set/v v0x135beb0_0, 1, 1;
    %jmp T_1.569;
T_1.559 ;
    %set/v v0x135beb0_0, 1, 1;
    %jmp T_1.569;
T_1.560 ;
    %set/v v0x135beb0_0, 1, 1;
    %jmp T_1.569;
T_1.561 ;
    %set/v v0x135beb0_0, 1, 1;
    %jmp T_1.569;
T_1.562 ;
    %set/v v0x135beb0_0, 1, 1;
    %jmp T_1.569;
T_1.563 ;
    %set/v v0x135beb0_0, 1, 1;
    %jmp T_1.569;
T_1.564 ;
    %set/v v0x135beb0_0, 1, 1;
    %jmp T_1.569;
T_1.565 ;
    %set/v v0x135beb0_0, 1, 1;
    %jmp T_1.569;
T_1.566 ;
    %set/v v0x135beb0_0, 1, 1;
    %jmp T_1.569;
T_1.567 ;
    %set/v v0x135beb0_0, 1, 1;
    %jmp T_1.569;
T_1.569 ;
    %jmp T_1.29;
T_1.20 ;
    %load/v 8, v0x135b970_0, 6;
    %cmpi/u 8, 1, 6;
    %jmp/1 T_1.570, 6;
    %cmpi/u 8, 3, 6;
    %jmp/1 T_1.571, 6;
    %cmpi/u 8, 7, 6;
    %jmp/1 T_1.572, 6;
    %cmpi/u 8, 9, 6;
    %jmp/1 T_1.573, 6;
    %cmpi/u 8, 11, 6;
    %jmp/1 T_1.574, 6;
    %cmpi/u 8, 13, 6;
    %jmp/1 T_1.575, 6;
    %cmpi/u 8, 15, 6;
    %jmp/1 T_1.576, 6;
    %cmpi/u 8, 17, 6;
    %jmp/1 T_1.577, 6;
    %cmpi/u 8, 19, 6;
    %jmp/1 T_1.578, 6;
    %cmpi/u 8, 21, 6;
    %jmp/1 T_1.579, 6;
    %set/v v0x135bdf0_0, 0, 1;
    %jmp T_1.581;
T_1.570 ;
    %set/v v0x135bdf0_0, 1, 1;
    %jmp T_1.581;
T_1.571 ;
    %set/v v0x135bdf0_0, 1, 1;
    %jmp T_1.581;
T_1.572 ;
    %set/v v0x135bdf0_0, 1, 1;
    %jmp T_1.581;
T_1.573 ;
    %set/v v0x135bdf0_0, 1, 1;
    %jmp T_1.581;
T_1.574 ;
    %set/v v0x135bdf0_0, 1, 1;
    %jmp T_1.581;
T_1.575 ;
    %set/v v0x135bdf0_0, 1, 1;
    %jmp T_1.581;
T_1.576 ;
    %set/v v0x135bdf0_0, 1, 1;
    %jmp T_1.581;
T_1.577 ;
    %set/v v0x135bdf0_0, 1, 1;
    %jmp T_1.581;
T_1.578 ;
    %set/v v0x135bdf0_0, 1, 1;
    %jmp T_1.581;
T_1.579 ;
    %set/v v0x135bdf0_0, 1, 1;
    %jmp T_1.581;
T_1.581 ;
    %load/v 8, v0x135bb40_0, 6;
    %cmpi/u 8, 1, 6;
    %jmp/1 T_1.582, 6;
    %cmpi/u 8, 3, 6;
    %jmp/1 T_1.583, 6;
    %cmpi/u 8, 7, 6;
    %jmp/1 T_1.584, 6;
    %cmpi/u 8, 9, 6;
    %jmp/1 T_1.585, 6;
    %cmpi/u 8, 11, 6;
    %jmp/1 T_1.586, 6;
    %cmpi/u 8, 13, 6;
    %jmp/1 T_1.587, 6;
    %cmpi/u 8, 15, 6;
    %jmp/1 T_1.588, 6;
    %cmpi/u 8, 17, 6;
    %jmp/1 T_1.589, 6;
    %cmpi/u 8, 19, 6;
    %jmp/1 T_1.590, 6;
    %cmpi/u 8, 21, 6;
    %jmp/1 T_1.591, 6;
    %set/v v0x135beb0_0, 0, 1;
    %jmp T_1.593;
T_1.582 ;
    %set/v v0x135beb0_0, 1, 1;
    %jmp T_1.593;
T_1.583 ;
    %set/v v0x135beb0_0, 1, 1;
    %jmp T_1.593;
T_1.584 ;
    %set/v v0x135beb0_0, 1, 1;
    %jmp T_1.593;
T_1.585 ;
    %set/v v0x135beb0_0, 1, 1;
    %jmp T_1.593;
T_1.586 ;
    %set/v v0x135beb0_0, 1, 1;
    %jmp T_1.593;
T_1.587 ;
    %set/v v0x135beb0_0, 1, 1;
    %jmp T_1.593;
T_1.588 ;
    %set/v v0x135beb0_0, 1, 1;
    %jmp T_1.593;
T_1.589 ;
    %set/v v0x135beb0_0, 1, 1;
    %jmp T_1.593;
T_1.590 ;
    %set/v v0x135beb0_0, 1, 1;
    %jmp T_1.593;
T_1.591 ;
    %set/v v0x135beb0_0, 1, 1;
    %jmp T_1.593;
T_1.593 ;
    %jmp T_1.29;
T_1.21 ;
    %load/v 8, v0x135b970_0, 6;
    %cmpi/u 8, 1, 6;
    %jmp/1 T_1.594, 6;
    %cmpi/u 8, 3, 6;
    %jmp/1 T_1.595, 6;
    %cmpi/u 8, 7, 6;
    %jmp/1 T_1.596, 6;
    %cmpi/u 8, 9, 6;
    %jmp/1 T_1.597, 6;
    %cmpi/u 8, 11, 6;
    %jmp/1 T_1.598, 6;
    %cmpi/u 8, 13, 6;
    %jmp/1 T_1.599, 6;
    %cmpi/u 8, 15, 6;
    %jmp/1 T_1.600, 6;
    %cmpi/u 8, 17, 6;
    %jmp/1 T_1.601, 6;
    %cmpi/u 8, 19, 6;
    %jmp/1 T_1.602, 6;
    %cmpi/u 8, 21, 6;
    %jmp/1 T_1.603, 6;
    %set/v v0x135bdf0_0, 0, 1;
    %jmp T_1.605;
T_1.594 ;
    %set/v v0x135bdf0_0, 1, 1;
    %jmp T_1.605;
T_1.595 ;
    %set/v v0x135bdf0_0, 1, 1;
    %jmp T_1.605;
T_1.596 ;
    %set/v v0x135bdf0_0, 1, 1;
    %jmp T_1.605;
T_1.597 ;
    %set/v v0x135bdf0_0, 1, 1;
    %jmp T_1.605;
T_1.598 ;
    %set/v v0x135bdf0_0, 1, 1;
    %jmp T_1.605;
T_1.599 ;
    %set/v v0x135bdf0_0, 1, 1;
    %jmp T_1.605;
T_1.600 ;
    %set/v v0x135bdf0_0, 1, 1;
    %jmp T_1.605;
T_1.601 ;
    %set/v v0x135bdf0_0, 1, 1;
    %jmp T_1.605;
T_1.602 ;
    %set/v v0x135bdf0_0, 1, 1;
    %jmp T_1.605;
T_1.603 ;
    %set/v v0x135bdf0_0, 1, 1;
    %jmp T_1.605;
T_1.605 ;
    %load/v 8, v0x135bb40_0, 6;
    %cmpi/u 8, 1, 6;
    %jmp/1 T_1.606, 6;
    %cmpi/u 8, 3, 6;
    %jmp/1 T_1.607, 6;
    %cmpi/u 8, 7, 6;
    %jmp/1 T_1.608, 6;
    %cmpi/u 8, 9, 6;
    %jmp/1 T_1.609, 6;
    %cmpi/u 8, 11, 6;
    %jmp/1 T_1.610, 6;
    %cmpi/u 8, 13, 6;
    %jmp/1 T_1.611, 6;
    %cmpi/u 8, 15, 6;
    %jmp/1 T_1.612, 6;
    %cmpi/u 8, 17, 6;
    %jmp/1 T_1.613, 6;
    %cmpi/u 8, 19, 6;
    %jmp/1 T_1.614, 6;
    %cmpi/u 8, 21, 6;
    %jmp/1 T_1.615, 6;
    %set/v v0x135beb0_0, 0, 1;
    %jmp T_1.617;
T_1.606 ;
    %set/v v0x135beb0_0, 1, 1;
    %jmp T_1.617;
T_1.607 ;
    %set/v v0x135beb0_0, 1, 1;
    %jmp T_1.617;
T_1.608 ;
    %set/v v0x135beb0_0, 1, 1;
    %jmp T_1.617;
T_1.609 ;
    %set/v v0x135beb0_0, 1, 1;
    %jmp T_1.617;
T_1.610 ;
    %set/v v0x135beb0_0, 1, 1;
    %jmp T_1.617;
T_1.611 ;
    %set/v v0x135beb0_0, 1, 1;
    %jmp T_1.617;
T_1.612 ;
    %set/v v0x135beb0_0, 1, 1;
    %jmp T_1.617;
T_1.613 ;
    %set/v v0x135beb0_0, 1, 1;
    %jmp T_1.617;
T_1.614 ;
    %set/v v0x135beb0_0, 1, 1;
    %jmp T_1.617;
T_1.615 ;
    %set/v v0x135beb0_0, 1, 1;
    %jmp T_1.617;
T_1.617 ;
    %jmp T_1.29;
T_1.22 ;
    %load/v 8, v0x135b970_0, 6;
    %cmpi/u 8, 1, 6;
    %jmp/1 T_1.618, 6;
    %cmpi/u 8, 3, 6;
    %jmp/1 T_1.619, 6;
    %cmpi/u 8, 7, 6;
    %jmp/1 T_1.620, 6;
    %cmpi/u 8, 9, 6;
    %jmp/1 T_1.621, 6;
    %cmpi/u 8, 11, 6;
    %jmp/1 T_1.622, 6;
    %cmpi/u 8, 13, 6;
    %jmp/1 T_1.623, 6;
    %cmpi/u 8, 15, 6;
    %jmp/1 T_1.624, 6;
    %cmpi/u 8, 17, 6;
    %jmp/1 T_1.625, 6;
    %cmpi/u 8, 19, 6;
    %jmp/1 T_1.626, 6;
    %cmpi/u 8, 21, 6;
    %jmp/1 T_1.627, 6;
    %set/v v0x135bdf0_0, 0, 1;
    %jmp T_1.629;
T_1.618 ;
    %set/v v0x135bdf0_0, 1, 1;
    %jmp T_1.629;
T_1.619 ;
    %set/v v0x135bdf0_0, 1, 1;
    %jmp T_1.629;
T_1.620 ;
    %set/v v0x135bdf0_0, 1, 1;
    %jmp T_1.629;
T_1.621 ;
    %set/v v0x135bdf0_0, 1, 1;
    %jmp T_1.629;
T_1.622 ;
    %set/v v0x135bdf0_0, 1, 1;
    %jmp T_1.629;
T_1.623 ;
    %set/v v0x135bdf0_0, 1, 1;
    %jmp T_1.629;
T_1.624 ;
    %set/v v0x135bdf0_0, 1, 1;
    %jmp T_1.629;
T_1.625 ;
    %set/v v0x135bdf0_0, 1, 1;
    %jmp T_1.629;
T_1.626 ;
    %set/v v0x135bdf0_0, 1, 1;
    %jmp T_1.629;
T_1.627 ;
    %set/v v0x135bdf0_0, 1, 1;
    %jmp T_1.629;
T_1.629 ;
    %load/v 8, v0x135bb40_0, 6;
    %cmpi/u 8, 1, 6;
    %jmp/1 T_1.630, 6;
    %cmpi/u 8, 3, 6;
    %jmp/1 T_1.631, 6;
    %cmpi/u 8, 7, 6;
    %jmp/1 T_1.632, 6;
    %cmpi/u 8, 9, 6;
    %jmp/1 T_1.633, 6;
    %cmpi/u 8, 11, 6;
    %jmp/1 T_1.634, 6;
    %cmpi/u 8, 13, 6;
    %jmp/1 T_1.635, 6;
    %cmpi/u 8, 15, 6;
    %jmp/1 T_1.636, 6;
    %cmpi/u 8, 17, 6;
    %jmp/1 T_1.637, 6;
    %cmpi/u 8, 19, 6;
    %jmp/1 T_1.638, 6;
    %cmpi/u 8, 21, 6;
    %jmp/1 T_1.639, 6;
    %set/v v0x135beb0_0, 0, 1;
    %jmp T_1.641;
T_1.630 ;
    %set/v v0x135beb0_0, 1, 1;
    %jmp T_1.641;
T_1.631 ;
    %set/v v0x135beb0_0, 1, 1;
    %jmp T_1.641;
T_1.632 ;
    %set/v v0x135beb0_0, 1, 1;
    %jmp T_1.641;
T_1.633 ;
    %set/v v0x135beb0_0, 1, 1;
    %jmp T_1.641;
T_1.634 ;
    %set/v v0x135beb0_0, 1, 1;
    %jmp T_1.641;
T_1.635 ;
    %set/v v0x135beb0_0, 1, 1;
    %jmp T_1.641;
T_1.636 ;
    %set/v v0x135beb0_0, 1, 1;
    %jmp T_1.641;
T_1.637 ;
    %set/v v0x135beb0_0, 1, 1;
    %jmp T_1.641;
T_1.638 ;
    %set/v v0x135beb0_0, 1, 1;
    %jmp T_1.641;
T_1.639 ;
    %set/v v0x135beb0_0, 1, 1;
    %jmp T_1.641;
T_1.641 ;
    %jmp T_1.29;
T_1.23 ;
    %load/v 8, v0x135b970_0, 6;
    %cmpi/u 8, 1, 6;
    %jmp/1 T_1.642, 6;
    %cmpi/u 8, 3, 6;
    %jmp/1 T_1.643, 6;
    %cmpi/u 8, 7, 6;
    %jmp/1 T_1.644, 6;
    %cmpi/u 8, 9, 6;
    %jmp/1 T_1.645, 6;
    %cmpi/u 8, 11, 6;
    %jmp/1 T_1.646, 6;
    %cmpi/u 8, 13, 6;
    %jmp/1 T_1.647, 6;
    %cmpi/u 8, 15, 6;
    %jmp/1 T_1.648, 6;
    %cmpi/u 8, 17, 6;
    %jmp/1 T_1.649, 6;
    %cmpi/u 8, 19, 6;
    %jmp/1 T_1.650, 6;
    %cmpi/u 8, 21, 6;
    %jmp/1 T_1.651, 6;
    %set/v v0x135bdf0_0, 0, 1;
    %jmp T_1.653;
T_1.642 ;
    %set/v v0x135bdf0_0, 1, 1;
    %jmp T_1.653;
T_1.643 ;
    %set/v v0x135bdf0_0, 1, 1;
    %jmp T_1.653;
T_1.644 ;
    %set/v v0x135bdf0_0, 1, 1;
    %jmp T_1.653;
T_1.645 ;
    %set/v v0x135bdf0_0, 1, 1;
    %jmp T_1.653;
T_1.646 ;
    %set/v v0x135bdf0_0, 1, 1;
    %jmp T_1.653;
T_1.647 ;
    %set/v v0x135bdf0_0, 1, 1;
    %jmp T_1.653;
T_1.648 ;
    %set/v v0x135bdf0_0, 1, 1;
    %jmp T_1.653;
T_1.649 ;
    %set/v v0x135bdf0_0, 1, 1;
    %jmp T_1.653;
T_1.650 ;
    %set/v v0x135bdf0_0, 1, 1;
    %jmp T_1.653;
T_1.651 ;
    %set/v v0x135bdf0_0, 1, 1;
    %jmp T_1.653;
T_1.653 ;
    %load/v 8, v0x135bb40_0, 6;
    %cmpi/u 8, 1, 6;
    %jmp/1 T_1.654, 6;
    %cmpi/u 8, 3, 6;
    %jmp/1 T_1.655, 6;
    %cmpi/u 8, 7, 6;
    %jmp/1 T_1.656, 6;
    %cmpi/u 8, 9, 6;
    %jmp/1 T_1.657, 6;
    %cmpi/u 8, 11, 6;
    %jmp/1 T_1.658, 6;
    %cmpi/u 8, 13, 6;
    %jmp/1 T_1.659, 6;
    %cmpi/u 8, 15, 6;
    %jmp/1 T_1.660, 6;
    %cmpi/u 8, 17, 6;
    %jmp/1 T_1.661, 6;
    %cmpi/u 8, 19, 6;
    %jmp/1 T_1.662, 6;
    %cmpi/u 8, 21, 6;
    %jmp/1 T_1.663, 6;
    %set/v v0x135beb0_0, 0, 1;
    %jmp T_1.665;
T_1.654 ;
    %set/v v0x135beb0_0, 1, 1;
    %jmp T_1.665;
T_1.655 ;
    %set/v v0x135beb0_0, 1, 1;
    %jmp T_1.665;
T_1.656 ;
    %set/v v0x135beb0_0, 1, 1;
    %jmp T_1.665;
T_1.657 ;
    %set/v v0x135beb0_0, 1, 1;
    %jmp T_1.665;
T_1.658 ;
    %set/v v0x135beb0_0, 1, 1;
    %jmp T_1.665;
T_1.659 ;
    %set/v v0x135beb0_0, 1, 1;
    %jmp T_1.665;
T_1.660 ;
    %set/v v0x135beb0_0, 1, 1;
    %jmp T_1.665;
T_1.661 ;
    %set/v v0x135beb0_0, 1, 1;
    %jmp T_1.665;
T_1.662 ;
    %set/v v0x135beb0_0, 1, 1;
    %jmp T_1.665;
T_1.663 ;
    %set/v v0x135beb0_0, 1, 1;
    %jmp T_1.665;
T_1.665 ;
    %jmp T_1.29;
T_1.24 ;
    %load/v 8, v0x135b970_0, 6;
    %cmpi/u 8, 1, 6;
    %jmp/1 T_1.666, 6;
    %cmpi/u 8, 3, 6;
    %jmp/1 T_1.667, 6;
    %cmpi/u 8, 7, 6;
    %jmp/1 T_1.668, 6;
    %cmpi/u 8, 9, 6;
    %jmp/1 T_1.669, 6;
    %cmpi/u 8, 11, 6;
    %jmp/1 T_1.670, 6;
    %cmpi/u 8, 13, 6;
    %jmp/1 T_1.671, 6;
    %cmpi/u 8, 15, 6;
    %jmp/1 T_1.672, 6;
    %cmpi/u 8, 17, 6;
    %jmp/1 T_1.673, 6;
    %cmpi/u 8, 19, 6;
    %jmp/1 T_1.674, 6;
    %cmpi/u 8, 21, 6;
    %jmp/1 T_1.675, 6;
    %set/v v0x135bdf0_0, 0, 1;
    %jmp T_1.677;
T_1.666 ;
    %set/v v0x135bdf0_0, 1, 1;
    %jmp T_1.677;
T_1.667 ;
    %set/v v0x135bdf0_0, 1, 1;
    %jmp T_1.677;
T_1.668 ;
    %set/v v0x135bdf0_0, 1, 1;
    %jmp T_1.677;
T_1.669 ;
    %set/v v0x135bdf0_0, 1, 1;
    %jmp T_1.677;
T_1.670 ;
    %set/v v0x135bdf0_0, 1, 1;
    %jmp T_1.677;
T_1.671 ;
    %set/v v0x135bdf0_0, 1, 1;
    %jmp T_1.677;
T_1.672 ;
    %set/v v0x135bdf0_0, 1, 1;
    %jmp T_1.677;
T_1.673 ;
    %set/v v0x135bdf0_0, 1, 1;
    %jmp T_1.677;
T_1.674 ;
    %set/v v0x135bdf0_0, 1, 1;
    %jmp T_1.677;
T_1.675 ;
    %set/v v0x135bdf0_0, 1, 1;
    %jmp T_1.677;
T_1.677 ;
    %load/v 8, v0x135bb40_0, 6;
    %cmpi/u 8, 1, 6;
    %jmp/1 T_1.678, 6;
    %cmpi/u 8, 3, 6;
    %jmp/1 T_1.679, 6;
    %cmpi/u 8, 7, 6;
    %jmp/1 T_1.680, 6;
    %cmpi/u 8, 9, 6;
    %jmp/1 T_1.681, 6;
    %cmpi/u 8, 11, 6;
    %jmp/1 T_1.682, 6;
    %cmpi/u 8, 13, 6;
    %jmp/1 T_1.683, 6;
    %cmpi/u 8, 15, 6;
    %jmp/1 T_1.684, 6;
    %cmpi/u 8, 17, 6;
    %jmp/1 T_1.685, 6;
    %cmpi/u 8, 19, 6;
    %jmp/1 T_1.686, 6;
    %cmpi/u 8, 21, 6;
    %jmp/1 T_1.687, 6;
    %set/v v0x135beb0_0, 0, 1;
    %jmp T_1.689;
T_1.678 ;
    %set/v v0x135beb0_0, 1, 1;
    %jmp T_1.689;
T_1.679 ;
    %set/v v0x135beb0_0, 1, 1;
    %jmp T_1.689;
T_1.680 ;
    %set/v v0x135beb0_0, 1, 1;
    %jmp T_1.689;
T_1.681 ;
    %set/v v0x135beb0_0, 1, 1;
    %jmp T_1.689;
T_1.682 ;
    %set/v v0x135beb0_0, 1, 1;
    %jmp T_1.689;
T_1.683 ;
    %set/v v0x135beb0_0, 1, 1;
    %jmp T_1.689;
T_1.684 ;
    %set/v v0x135beb0_0, 1, 1;
    %jmp T_1.689;
T_1.685 ;
    %set/v v0x135beb0_0, 1, 1;
    %jmp T_1.689;
T_1.686 ;
    %set/v v0x135beb0_0, 1, 1;
    %jmp T_1.689;
T_1.687 ;
    %set/v v0x135beb0_0, 1, 1;
    %jmp T_1.689;
T_1.689 ;
    %jmp T_1.29;
T_1.25 ;
    %load/v 8, v0x135b970_0, 6;
    %cmpi/u 8, 1, 6;
    %jmp/1 T_1.690, 6;
    %cmpi/u 8, 3, 6;
    %jmp/1 T_1.691, 6;
    %cmpi/u 8, 7, 6;
    %jmp/1 T_1.692, 6;
    %cmpi/u 8, 9, 6;
    %jmp/1 T_1.693, 6;
    %cmpi/u 8, 11, 6;
    %jmp/1 T_1.694, 6;
    %cmpi/u 8, 13, 6;
    %jmp/1 T_1.695, 6;
    %cmpi/u 8, 15, 6;
    %jmp/1 T_1.696, 6;
    %cmpi/u 8, 17, 6;
    %jmp/1 T_1.697, 6;
    %cmpi/u 8, 19, 6;
    %jmp/1 T_1.698, 6;
    %cmpi/u 8, 21, 6;
    %jmp/1 T_1.699, 6;
    %set/v v0x135bdf0_0, 0, 1;
    %jmp T_1.701;
T_1.690 ;
    %set/v v0x135bdf0_0, 1, 1;
    %jmp T_1.701;
T_1.691 ;
    %set/v v0x135bdf0_0, 1, 1;
    %jmp T_1.701;
T_1.692 ;
    %set/v v0x135bdf0_0, 1, 1;
    %jmp T_1.701;
T_1.693 ;
    %set/v v0x135bdf0_0, 1, 1;
    %jmp T_1.701;
T_1.694 ;
    %set/v v0x135bdf0_0, 1, 1;
    %jmp T_1.701;
T_1.695 ;
    %set/v v0x135bdf0_0, 1, 1;
    %jmp T_1.701;
T_1.696 ;
    %set/v v0x135bdf0_0, 1, 1;
    %jmp T_1.701;
T_1.697 ;
    %set/v v0x135bdf0_0, 1, 1;
    %jmp T_1.701;
T_1.698 ;
    %set/v v0x135bdf0_0, 1, 1;
    %jmp T_1.701;
T_1.699 ;
    %set/v v0x135bdf0_0, 1, 1;
    %jmp T_1.701;
T_1.701 ;
    %load/v 8, v0x135bb40_0, 6;
    %cmpi/u 8, 1, 6;
    %jmp/1 T_1.702, 6;
    %cmpi/u 8, 3, 6;
    %jmp/1 T_1.703, 6;
    %cmpi/u 8, 7, 6;
    %jmp/1 T_1.704, 6;
    %cmpi/u 8, 9, 6;
    %jmp/1 T_1.705, 6;
    %cmpi/u 8, 11, 6;
    %jmp/1 T_1.706, 6;
    %cmpi/u 8, 13, 6;
    %jmp/1 T_1.707, 6;
    %cmpi/u 8, 15, 6;
    %jmp/1 T_1.708, 6;
    %cmpi/u 8, 17, 6;
    %jmp/1 T_1.709, 6;
    %cmpi/u 8, 19, 6;
    %jmp/1 T_1.710, 6;
    %cmpi/u 8, 21, 6;
    %jmp/1 T_1.711, 6;
    %set/v v0x135beb0_0, 0, 1;
    %jmp T_1.713;
T_1.702 ;
    %set/v v0x135beb0_0, 1, 1;
    %jmp T_1.713;
T_1.703 ;
    %set/v v0x135beb0_0, 1, 1;
    %jmp T_1.713;
T_1.704 ;
    %set/v v0x135beb0_0, 1, 1;
    %jmp T_1.713;
T_1.705 ;
    %set/v v0x135beb0_0, 1, 1;
    %jmp T_1.713;
T_1.706 ;
    %set/v v0x135beb0_0, 1, 1;
    %jmp T_1.713;
T_1.707 ;
    %set/v v0x135beb0_0, 1, 1;
    %jmp T_1.713;
T_1.708 ;
    %set/v v0x135beb0_0, 1, 1;
    %jmp T_1.713;
T_1.709 ;
    %set/v v0x135beb0_0, 1, 1;
    %jmp T_1.713;
T_1.710 ;
    %set/v v0x135beb0_0, 1, 1;
    %jmp T_1.713;
T_1.711 ;
    %set/v v0x135beb0_0, 1, 1;
    %jmp T_1.713;
T_1.713 ;
    %jmp T_1.29;
T_1.26 ;
    %load/v 8, v0x135b970_0, 6;
    %cmpi/u 8, 1, 6;
    %jmp/1 T_1.714, 6;
    %cmpi/u 8, 3, 6;
    %jmp/1 T_1.715, 6;
    %cmpi/u 8, 7, 6;
    %jmp/1 T_1.716, 6;
    %cmpi/u 8, 9, 6;
    %jmp/1 T_1.717, 6;
    %cmpi/u 8, 11, 6;
    %jmp/1 T_1.718, 6;
    %cmpi/u 8, 13, 6;
    %jmp/1 T_1.719, 6;
    %cmpi/u 8, 15, 6;
    %jmp/1 T_1.720, 6;
    %cmpi/u 8, 17, 6;
    %jmp/1 T_1.721, 6;
    %cmpi/u 8, 19, 6;
    %jmp/1 T_1.722, 6;
    %cmpi/u 8, 21, 6;
    %jmp/1 T_1.723, 6;
    %set/v v0x135bdf0_0, 0, 1;
    %jmp T_1.725;
T_1.714 ;
    %set/v v0x135bdf0_0, 1, 1;
    %jmp T_1.725;
T_1.715 ;
    %set/v v0x135bdf0_0, 1, 1;
    %jmp T_1.725;
T_1.716 ;
    %set/v v0x135bdf0_0, 1, 1;
    %jmp T_1.725;
T_1.717 ;
    %set/v v0x135bdf0_0, 1, 1;
    %jmp T_1.725;
T_1.718 ;
    %set/v v0x135bdf0_0, 1, 1;
    %jmp T_1.725;
T_1.719 ;
    %set/v v0x135bdf0_0, 1, 1;
    %jmp T_1.725;
T_1.720 ;
    %set/v v0x135bdf0_0, 1, 1;
    %jmp T_1.725;
T_1.721 ;
    %set/v v0x135bdf0_0, 1, 1;
    %jmp T_1.725;
T_1.722 ;
    %set/v v0x135bdf0_0, 1, 1;
    %jmp T_1.725;
T_1.723 ;
    %set/v v0x135bdf0_0, 1, 1;
    %jmp T_1.725;
T_1.725 ;
    %load/v 8, v0x135bb40_0, 6;
    %cmpi/u 8, 1, 6;
    %jmp/1 T_1.726, 6;
    %cmpi/u 8, 3, 6;
    %jmp/1 T_1.727, 6;
    %cmpi/u 8, 7, 6;
    %jmp/1 T_1.728, 6;
    %cmpi/u 8, 9, 6;
    %jmp/1 T_1.729, 6;
    %cmpi/u 8, 11, 6;
    %jmp/1 T_1.730, 6;
    %cmpi/u 8, 13, 6;
    %jmp/1 T_1.731, 6;
    %cmpi/u 8, 15, 6;
    %jmp/1 T_1.732, 6;
    %cmpi/u 8, 17, 6;
    %jmp/1 T_1.733, 6;
    %cmpi/u 8, 19, 6;
    %jmp/1 T_1.734, 6;
    %cmpi/u 8, 21, 6;
    %jmp/1 T_1.735, 6;
    %set/v v0x135beb0_0, 0, 1;
    %jmp T_1.737;
T_1.726 ;
    %set/v v0x135beb0_0, 1, 1;
    %jmp T_1.737;
T_1.727 ;
    %set/v v0x135beb0_0, 1, 1;
    %jmp T_1.737;
T_1.728 ;
    %set/v v0x135beb0_0, 1, 1;
    %jmp T_1.737;
T_1.729 ;
    %set/v v0x135beb0_0, 1, 1;
    %jmp T_1.737;
T_1.730 ;
    %set/v v0x135beb0_0, 1, 1;
    %jmp T_1.737;
T_1.731 ;
    %set/v v0x135beb0_0, 1, 1;
    %jmp T_1.737;
T_1.732 ;
    %set/v v0x135beb0_0, 1, 1;
    %jmp T_1.737;
T_1.733 ;
    %set/v v0x135beb0_0, 1, 1;
    %jmp T_1.737;
T_1.734 ;
    %set/v v0x135beb0_0, 1, 1;
    %jmp T_1.737;
T_1.735 ;
    %set/v v0x135beb0_0, 1, 1;
    %jmp T_1.737;
T_1.737 ;
    %jmp T_1.29;
T_1.27 ;
    %load/v 8, v0x135b970_0, 6;
    %cmpi/u 8, 1, 6;
    %jmp/1 T_1.738, 6;
    %cmpi/u 8, 3, 6;
    %jmp/1 T_1.739, 6;
    %cmpi/u 8, 7, 6;
    %jmp/1 T_1.740, 6;
    %cmpi/u 8, 9, 6;
    %jmp/1 T_1.741, 6;
    %cmpi/u 8, 11, 6;
    %jmp/1 T_1.742, 6;
    %cmpi/u 8, 13, 6;
    %jmp/1 T_1.743, 6;
    %cmpi/u 8, 15, 6;
    %jmp/1 T_1.744, 6;
    %cmpi/u 8, 17, 6;
    %jmp/1 T_1.745, 6;
    %cmpi/u 8, 19, 6;
    %jmp/1 T_1.746, 6;
    %cmpi/u 8, 21, 6;
    %jmp/1 T_1.747, 6;
    %set/v v0x135bdf0_0, 0, 1;
    %jmp T_1.749;
T_1.738 ;
    %set/v v0x135bdf0_0, 1, 1;
    %jmp T_1.749;
T_1.739 ;
    %set/v v0x135bdf0_0, 1, 1;
    %jmp T_1.749;
T_1.740 ;
    %set/v v0x135bdf0_0, 1, 1;
    %jmp T_1.749;
T_1.741 ;
    %set/v v0x135bdf0_0, 1, 1;
    %jmp T_1.749;
T_1.742 ;
    %set/v v0x135bdf0_0, 1, 1;
    %jmp T_1.749;
T_1.743 ;
    %set/v v0x135bdf0_0, 1, 1;
    %jmp T_1.749;
T_1.744 ;
    %set/v v0x135bdf0_0, 1, 1;
    %jmp T_1.749;
T_1.745 ;
    %set/v v0x135bdf0_0, 1, 1;
    %jmp T_1.749;
T_1.746 ;
    %set/v v0x135bdf0_0, 1, 1;
    %jmp T_1.749;
T_1.747 ;
    %set/v v0x135bdf0_0, 1, 1;
    %jmp T_1.749;
T_1.749 ;
    %load/v 8, v0x135bb40_0, 6;
    %cmpi/u 8, 1, 6;
    %jmp/1 T_1.750, 6;
    %cmpi/u 8, 3, 6;
    %jmp/1 T_1.751, 6;
    %cmpi/u 8, 7, 6;
    %jmp/1 T_1.752, 6;
    %cmpi/u 8, 9, 6;
    %jmp/1 T_1.753, 6;
    %cmpi/u 8, 11, 6;
    %jmp/1 T_1.754, 6;
    %cmpi/u 8, 13, 6;
    %jmp/1 T_1.755, 6;
    %cmpi/u 8, 15, 6;
    %jmp/1 T_1.756, 6;
    %cmpi/u 8, 17, 6;
    %jmp/1 T_1.757, 6;
    %cmpi/u 8, 19, 6;
    %jmp/1 T_1.758, 6;
    %cmpi/u 8, 21, 6;
    %jmp/1 T_1.759, 6;
    %set/v v0x135beb0_0, 0, 1;
    %jmp T_1.761;
T_1.750 ;
    %set/v v0x135beb0_0, 1, 1;
    %jmp T_1.761;
T_1.751 ;
    %set/v v0x135beb0_0, 1, 1;
    %jmp T_1.761;
T_1.752 ;
    %set/v v0x135beb0_0, 1, 1;
    %jmp T_1.761;
T_1.753 ;
    %set/v v0x135beb0_0, 1, 1;
    %jmp T_1.761;
T_1.754 ;
    %set/v v0x135beb0_0, 1, 1;
    %jmp T_1.761;
T_1.755 ;
    %set/v v0x135beb0_0, 1, 1;
    %jmp T_1.761;
T_1.756 ;
    %set/v v0x135beb0_0, 1, 1;
    %jmp T_1.761;
T_1.757 ;
    %set/v v0x135beb0_0, 1, 1;
    %jmp T_1.761;
T_1.758 ;
    %set/v v0x135beb0_0, 1, 1;
    %jmp T_1.761;
T_1.759 ;
    %set/v v0x135beb0_0, 1, 1;
    %jmp T_1.761;
T_1.761 ;
    %jmp T_1.29;
T_1.29 ;
    %jmp T_1;
    .thread T_1;
# The file index is used to find the file name in the following table.
:file_names 3;
    "N/A";
    "<interactive>";
    "forwarding_unit.v";
